[2025-07-20 13:11:16] Usuario: Carlos (ID: 1, Rol: Administrador) - Accedió al módulo: Dashboard
[2025-07-20 13:11:19] Usuario: Carlos (ID: 1, Rol: Administrador) - Accedió al módulo: Inventario
[2025-07-20 13:11:20] Usuario: Carlos (ID: 1, Rol: Administrador) - Accedió al módulo: Inventario
[2025-07-20 13:11:21] Usuario: Carlos (ID: 1, Rol: Administrador) - Accedió al módulo: Clientes
[2025-07-20 13:11:21] Usuario: Carlos (ID: 1, Rol: Administrador) - Accedió al módulo: Clientes
[2025-07-20 13:11:21] Usuario: Carlos (ID: 1, Rol: Administrador) - Accedió al módulo: Clientes
[2025-07-20 13:11:24] Usuario: Carlos (ID: 1, Rol: Administrador) - Accedió al módulo: Inventario
[2025-07-20 13:11:25] Usuario: Carlos (ID: 1, Rol: Administrador) - Accedió al módulo: Inventario
[2025-07-20 13:11:26] Usuario: Carlos (ID: 1, Rol: Administrador) - Accedió al módulo: Inventario
[2025-07-20 13:11:29] Usuario: Carlos (ID: 1, Rol: Administrador) - Accedió al módulo: Inventario
[2025-07-20 13:11:29] Usuario: Carlos (ID: 1, Rol: Administrador) - Accedió al módulo: Inventario
[2025-07-20 13:11:30] Usuario: Carlos (ID: 1, Rol: Administrador) - Accedió al módulo: Clientes
[2025-07-20 13:11:30] Usuario: Carlos (ID: 1, Rol: Administrador) - Accedió al módulo: Clientes
[2025-07-20 13:11:30] Usuario: Carlos (ID: 1, Rol: Administrador) - Accedió al módulo: Clientes
[2025-07-20 13:11:32] Usuario: Carlos (ID: 1, Rol: Administrador) - Accedió al módulo: Clientes
[2025-07-20 13:11:32] Usuario: Carlos (ID: 1, Rol: Administrador) - Accedió al módulo: Clientes
[2025-07-20 13:11:33] Usuario: Carlos (ID: 1, Rol: Administrador) - Accedió al módulo: Clientes
[2025-07-20 13:11:36] Usuario: Carlos (ID: 1, Rol: Administrador) - Accedió al módulo: Clientes
[2025-07-20 13:11:39] Usuario: Carlos (ID: 1, Rol: Administrador) - Accedió al módulo: Clientes
[2025-07-20 13:11:39] Usuario: Carlos (ID: 1, Rol: Administrador) - Accedió al módulo: Clientes
[2025-07-20 13:11:39] Usuario: Carlos (ID: 1, Rol: Administrador) - Accedió al módulo: Clientes
[2025-07-20 13:11:41] Usuario: Carlos (ID: 1, Rol: Administrador) - Accedió al módulo: Clientes
[2025-07-20 13:11:41] Usuario: Carlos (ID: 1, Rol: Administrador) - Accedió al módulo: Clientes
[2025-07-20 13:11:41] Usuario: Carlos (ID: 1, Rol: Administrador) - Accedió al módulo: Clientes
[2025-07-20 13:11:44] Usuario: Carlos (ID: 1, Rol: Administrador) - Accedió al módulo: Clientes
[2025-07-20 13:11:52] Usuario: Carlos (ID: 1, Rol: Administrador) - Accedió al módulo: Clientes
[2025-07-20 13:11:52] Usuario: Carlos (ID: 1, Rol: Administrador) - Accedió al módulo: Clientes
[2025-07-20 13:11:52] Usuario: Carlos (ID: 1, Rol: Administrador) - Accedió al módulo: Clientes
[2025-07-20 13:11:53] Usuario: Carlos (ID: 1, Rol: Administrador) - Accedió al módulo: Clientes
[2025-07-20 13:11:53] Usuario: Carlos (ID: 1, Rol: Administrador) - Accedió al módulo: Clientes
[2025-07-20 13:11:53] Usuario: Carlos (ID: 1, Rol: Administrador) - Accedió al módulo: Clientes
[2025-07-20 13:11:59] Usuario: Carlos (ID: 1, Rol: Administrador) - Accedió al módulo: Clientes
[2025-07-20 13:11:59] Usuario: Carlos (ID: 1, Rol: Administrador) - Accedió al módulo: Clientes
[2025-07-20 13:11:59] Usuario: Carlos (ID: 1, Rol: Administrador) - Accedió al módulo: Clientes
[2025-07-20 13:12:39] Usuario: Carlos (ID: 1, Rol: Administrador) - Accedió al módulo: Clientes
[2025-07-20 13:12:39] Usuario: Carlos (ID: 1, Rol: Administrador) - Accedió al módulo: Clientes
[2025-07-20 13:12:39] Usuario: Carlos (ID: 1, Rol: Administrador) - Accedió al módulo: Clientes
[2025-07-20 13:12:43] Usuario: Carlos (ID: 1, Rol: Administrador) - Accedió al módulo: Clientes
[2025-07-20 13:12:44] Usuario: Carlos (ID: 1, Rol: Administrador) - Accedió al módulo: Clientes
[2025-07-20 13:12:44] Usuario: Carlos (ID: 1, Rol: Administrador) - Accedió al módulo: Clientes
[2025-07-20 13:13:04] Usuario: Carlos (ID: 1, Rol: Administrador) - Accedió al módulo: Clientes
[2025-07-20 13:13:04] Usuario: Carlos (ID: 1, Rol: Administrador) - Accedió al módulo: Clientes
[2025-07-20 13:13:04] Usuario: Carlos (ID: 1, Rol: Administrador) - Accedió al módulo: Clientes
[2025-07-20 13:13:06] Usuario: Carlos (ID: 1, Rol: Administrador) - Accedió al módulo: Proveedores
[2025-07-20 13:13:06] Usuario: Carlos (ID: 1, Rol: Administrador) - Accedió al módulo: Proveedores
[2025-07-20 13:13:07] Usuario: Carlos (ID: 1, Rol: Administrador) - Accedió al módulo: Proveedores
[2025-07-20 13:13:07] Usuario: Carlos (ID: 1, Rol: Administrador) - Accedió al módulo: Proveedores
[2025-07-20 13:13:10] Usuario: Carlos (ID: 1, Rol: Administrador) - Accedió al módulo: Proveedores
[2025-07-20 13:13:12] Usuario: Carlos (ID: 1, Rol: Administrador) - Accedió al módulo: Proveedores
[2025-07-20 13:13:12] Usuario: Carlos (ID: 1, Rol: Administrador) - Accedió al módulo: Proveedores
[2025-07-20 13:13:14] Usuario: Carlos (ID: 1, Rol: Administrador) - Accedió al módulo: Proveedores
[2025-07-20 13:13:15] Usuario: Carlos (ID: 1, Rol: Administrador) - Accedió al módulo: Proveedores
[2025-07-20 13:13:15] Usuario: Carlos (ID: 1, Rol: Administrador) - Accedió al módulo: Proveedores
[2025-07-20 13:13:21] Usuario: Carlos (ID: 1, Rol: Administrador) - Accedió al módulo: Proveedores
[2025-07-20 13:13:22] Usuario: Carlos (ID: 1, Rol: Administrador) - Accedió al módulo: Proveedores
[2025-07-20 13:14:37] Usuario: Carlos (ID: 1, Rol: Administrador) - Accedió al módulo: Proveedores
[2025-07-20 13:14:37] Usuario: Carlos (ID: 1, Rol: Administrador) - Accedió al módulo: Proveedores
[2025-07-20 13:14:39] Usuario: Carlos (ID: 1, Rol: Administrador) - Accedió al módulo: Proveedores
[2025-07-20 13:14:42] Usuario: Carlos (ID: 1, Rol: Administrador) - Accedió al módulo: Proveedores
[2025-07-20 13:14:42] Usuario: Carlos (ID: 1, Rol: Administrador) - Accedió al módulo: Proveedores
[2025-07-20 13:14:44] Usuario: Carlos (ID: 1, Rol: Administrador) - Accedió al módulo: Proveedores
[2025-07-20 13:14:44] Usuario: Carlos (ID: 1, Rol: Administrador) - Accedió al módulo: Proveedores
[2025-07-20 13:14:47] Usuario: Carlos (ID: 1, Rol: Administrador) - Accedió al módulo: Compras
[2025-07-20 13:14:48] Usuario: Carlos (ID: 1, Rol: Administrador) - Accedió al módulo: Compras
[2025-07-20 13:14:48] Usuario: Carlos (ID: 1, Rol: Administrador) - Accedió al módulo: Compras
[2025-07-20 13:14:50] Usuario: Carlos (ID: 1, Rol: Administrador) - Accedió al módulo: Compras
[2025-07-20 13:14:50] Usuario: Carlos (ID: 1, Rol: Administrador) - Accedió al módulo: Compras
[2025-07-20 13:14:50] Usuario: Carlos (ID: 1, Rol: Administrador) - Accedió al módulo: Compras
[2025-07-20 13:15:50] Usuario: Carlos (ID: 1, Rol: Administrador) - Accedió al módulo: Compras
[2025-07-20 13:15:52] Usuario: Carlos (ID: 1, Rol: Administrador) - Accedió al módulo: Compras
[2025-07-20 13:15:52] Usuario: Carlos (ID: 1, Rol: Administrador) - Accedió al módulo: Compras
[2025-07-20 13:15:52] Usuario: Carlos (ID: 1, Rol: Administrador) - Accedió al módulo: Compras
[2025-07-20 13:15:57] Usuario: Carlos (ID: 1, Rol: Administrador) - Accedió al módulo: Errors
[2025-07-20 13:17:37] Usuario: Carlos (ID: 1, Rol: Administrador) - Accedió al módulo: Compras
[2025-07-20 13:17:38] Usuario: Carlos (ID: 1, Rol: Administrador) - Accedió al módulo: Compras
[2025-07-20 13:17:39] Usuario: Carlos (ID: 1, Rol: Administrador) - Accedió al módulo: Compras
[2025-07-20 13:17:44] Usuario: Carlos (ID: 1, Rol: Administrador) - Accedió al módulo: Errors
[2025-07-20 13:18:17] Usuario: Carlos (ID: 1, Rol: Administrador) - Accedió al módulo: Compras
[2025-07-20 13:18:17] Usuario: Carlos (ID: 1, Rol: Administrador) - Accedió al módulo: Compras
[2025-07-20 13:18:17] Usuario: Carlos (ID: 1, Rol: Administrador) - Accedió al módulo: Compras
[2025-07-20 13:18:20] Usuario: Carlos (ID: 1, Rol: Administrador) - Accedió al módulo: Compras
[2025-07-20 13:18:21] Usuario: Carlos (ID: 1, Rol: Administrador) - Accedió al módulo: Compras
[2025-07-20 13:18:21] Usuario: Carlos (ID: 1, Rol: Administrador) - Accedió al módulo: Compras
[2025-07-20 13:18:21] Usuario: Carlos (ID: 1, Rol: Administrador) - Accedió al módulo: Compras
[2025-07-20 13:18:21] Usuario: Carlos (ID: 1, Rol: Administrador) - Accedió al módulo: Compras
[2025-07-20 13:18:21] Usuario: Carlos (ID: 1, Rol: Administrador) - Accedió al módulo: Compras
[2025-07-20 13:18:23] Usuario: Carlos (ID: 1, Rol: Administrador) - Accedió al módulo: Compras
[2025-07-20 13:18:24] Usuario: Carlos (ID: 1, Rol: Administrador) - Accedió al módulo: Compras
[2025-07-20 13:18:24] Usuario: Carlos (ID: 1, Rol: Administrador) - Accedió al módulo: Compras
[2025-07-20 13:18:29] Usuario: Carlos (ID: 1, Rol: Administrador) - Accedió al módulo: Compras
[2025-07-20 13:18:30] Usuario: Carlos (ID: 1, Rol: Administrador) - Accedió al módulo: Compras
[2025-07-20 13:18:30] Usuario: Carlos (ID: 1, Rol: Administrador) - Accedió al módulo: Compras
[2025-07-20 13:18:33] Usuario: Carlos (ID: 1, Rol: Administrador) - Accedió al módulo: Compras
[2025-07-20 13:18:33] Usuario: Carlos (ID: 1, Rol: Administrador) - Accedió al módulo: Compras
[2025-07-20 13:18:33] Usuario: Carlos (ID: 1, Rol: Administrador) - Accedió al módulo: Compras
[2025-07-20 13:18:34] Usuario: Carlos (ID: 1, Rol: Administrador) - Accedió al módulo: Compras
[2025-07-20 13:18:35] Usuario: Carlos (ID: 1, Rol: Administrador) - Accedió al módulo: Compras
[2025-07-20 13:18:35] Usuario: Carlos (ID: 1, Rol: Administrador) - Accedió al módulo: Compras
[2025-07-20 13:18:58] Usuario: Carlos (ID: 1, Rol: Administrador) - Accedió al módulo: Inventario
[2025-07-20 13:18:58] Usuario: Carlos (ID: 1, Rol: Administrador) - Accedió al módulo: Inventario
[2025-07-20 13:21:56] Usuario: Carlos (ID: 1, Rol: Administrador) - Accedió al módulo: Inventario
[2025-07-20 13:21:57] Usuario: Carlos (ID: 1, Rol: Administrador) - Accedió al módulo: Inventario
[2025-07-20 13:23:57] Usuario: Carlos (ID: 1, Rol: Administrador) - Accedió al módulo: Compras
[2025-07-20 13:23:57] Usuario: Carlos (ID: 1, Rol: Administrador) - Accedió al módulo: Compras
[2025-07-20 13:23:58] Usuario: Carlos (ID: 1, Rol: Administrador) - Accedió al módulo: Compras
[2025-07-20 13:24:16] Usuario: Carlos (ID: 1, Rol: Administrador) - Accedió al módulo: Errors
[2025-07-20 13:24:18] Usuario: Carlos (ID: 1, Rol: Administrador) - Accedió al módulo: Login
[2025-07-20 13:24:18] Usuario: Carlos (ID: 1, Rol: Administrador) - Accedió al módulo: Dashboard
[2025-07-20 13:24:40] Usuario: Carlos (ID: 1, Rol: Administrador) - Accedió al módulo: Inventario
[2025-07-20 13:24:40] Usuario: Carlos (ID: 1, Rol: Administrador) - Accedió al módulo: Inventario
[2025-07-20 13:24:41] Usuario: Carlos (ID: 1, Rol: Administrador) - Accedió al módulo: Clientes
[2025-07-20 13:24:41] Usuario: Carlos (ID: 1, Rol: Administrador) - Accedió al módulo: Clientes
[2025-07-20 13:24:41] Usuario: Carlos (ID: 1, Rol: Administrador) - Accedió al módulo: Clientes
[2025-07-20 13:24:43] Usuario: Carlos (ID: 1, Rol: Administrador) - Accedió al módulo: Proveedores
[2025-07-20 13:24:43] Usuario: Carlos (ID: 1, Rol: Administrador) - Accedió al módulo: Proveedores
[2025-07-20 13:24:45] Usuario: Carlos (ID: 1, Rol: Administrador) - Accedió al módulo: Compras
[2025-07-20 13:24:45] Usuario: Carlos (ID: 1, Rol: Administrador) - Accedió al módulo: Compras
[2025-07-20 13:24:45] Usuario: Carlos (ID: 1, Rol: Administrador) - Accedió al módulo: Compras
[2025-07-20 13:25:23] Usuario: Carlos (ID: 1, Rol: Administrador) - Accedió al módulo: Errors
[2025-07-20 13:25:25] Usuario: Carlos (ID: 1, Rol: Administrador) - Accedió al módulo: Compras
[2025-07-20 13:25:25] Usuario: Carlos (ID: 1, Rol: Administrador) - Accedió al módulo: Compras
[2025-07-20 13:25:25] Usuario: Carlos (ID: 1, Rol: Administrador) - Accedió al módulo: Compras
[2025-07-20 13:25:28] Usuario: Carlos (ID: 1, Rol: Administrador) - Accedió al módulo: Inventario
[2025-07-20 13:25:29] Usuario: Carlos (ID: 1, Rol: Administrador) - Accedió al módulo: Inventario
[2025-07-20 13:25:30] Usuario: Carlos (ID: 1, Rol: Administrador) - Accedió al módulo: Dashboard
[2025-07-20 13:25:39] Usuario: Carlos (ID: 1, Rol: Administrador) - Accedió al módulo: Inventario
[2025-07-20 13:25:40] Usuario: Carlos (ID: 1, Rol: Administrador) - Accedió al módulo: Inventario
[2025-07-20 13:25:40] Usuario: Carlos (ID: 1, Rol: Administrador) - Accedió al módulo: Dashboard
[2025-07-20 13:26:41] Usuario: Carlos (ID: 1, Rol: Administrador) - Accedió al módulo: Compras
[2025-07-20 13:26:42] Usuario: Carlos (ID: 1, Rol: Administrador) - Accedió al módulo: Compras
[2025-07-20 13:26:42] Usuario: Carlos (ID: 1, Rol: Administrador) - Accedió al módulo: Compras
[2025-07-20 13:26:43] Usuario: Carlos (ID: 1, Rol: Administrador) - Accedió al módulo: Compras
[2025-07-20 13:26:54] Usuario: Carlos (ID: 1, Rol: Administrador) - Accedió al módulo: Proveedores
[2025-07-20 13:26:54] Usuario: Carlos (ID: 1, Rol: Administrador) - Accedió al módulo: Proveedores
[2025-07-20 13:26:54] Usuario: Carlos (ID: 1, Rol: Administrador) - Accedió al módulo: Compras
[2025-07-20 13:26:55] Usuario: Carlos (ID: 1, Rol: Administrador) - Accedió al módulo: Compras
[2025-07-20 13:26:55] Usuario: Carlos (ID: 1, Rol: Administrador) - Accedió al módulo: Compras
[2025-07-20 13:26:55] Usuario: Carlos (ID: 1, Rol: Administrador) - Accedió al módulo: Errors
[2025-07-20 13:26:56] Usuario: Carlos (ID: 1, Rol: Administrador) - Accedió al módulo: Login
[2025-07-20 13:26:56] Usuario: Carlos (ID: 1, Rol: Administrador) - Accedió al módulo: Dashboard
[2025-07-20 13:30:33] Usuario: Carlos (ID: 1, Rol: Administrador) - Accedió al módulo: Errors
[2025-07-20 13:30:34] Usuario: Carlos (ID: 1, Rol: Administrador) - Accedió al módulo: Dashboard
[2025-07-20 13:34:53] Usuario: Carlos (ID: 1, Rol: Administrador) - Accedió al módulo: Proveedores
[2025-07-20 13:34:54] Usuario: Carlos (ID: 1, Rol: Administrador) - Accedió al módulo: Proveedores
[2025-07-20 13:42:12] Usuario: Carlos (ID: 1, Rol: Administrador) - Accedió al módulo: Proveedores
[2025-07-20 13:42:14] Usuario: Carlos (ID: 1, Rol: Administrador) - Accedió al módulo: Proveedores
[2025-07-20 13:42:45] Usuario: Carlos (ID: 1, Rol: Administrador) - Accedió al módulo: Ventas
[2025-07-20 13:42:47] Usuario: Carlos (ID: 1, Rol: Administrador) - Accedió al módulo: Ventas
[2025-07-20 13:42:51] Usuario: Carlos (ID: 1, Rol: Administrador) - Accedió al módulo: Ventas
[2025-07-20 13:42:51] Usuario: Carlos (ID: 1, Rol: Administrador) - Accedió al módulo: Ventas
[2025-07-20 13:42:52] Usuario: Carlos (ID: 1, Rol: Administrador) - Accedió al módulo: Ventas
[2025-07-20 13:43:08] Usuario: Carlos (ID: 1, Rol: Administrador) - Accedió al módulo: Inventario
[2025-07-20 13:43:09] Usuario: Carlos (ID: 1, Rol: Administrador) - Accedió al módulo: Inventario
[2025-07-20 13:43:09] Usuario: Carlos (ID: 1, Rol: Administrador) - Accedió al módulo: Inventario
[2025-07-20 13:43:10] Usuario: Carlos (ID: 1, Rol: Administrador) - Accedió al módulo: Inventario
[2025-07-20 13:43:16] Usuario: Carlos (ID: 1, Rol: Administrador) - Accedió al módulo: Ventas
[2025-07-20 13:43:16] Usuario: Carlos (ID: 1, Rol: Administrador) - Accedió al módulo: Ventas
[2025-07-20 13:43:18] Usuario: Carlos (ID: 1, Rol: Administrador) - Accedió al módulo: Inventario
[2025-07-20 13:43:18] Usuario: Carlos (ID: 1, Rol: Administrador) - Accedió al módulo: Inventario
[2025-07-20 13:43:47] Usuario: Carlos (ID: 1, Rol: Administrador) - Accedió al módulo: Inventario
[2025-07-20 13:46:13] Usuario: Carlos (ID: 1, Rol: Administrador) - Accedió al módulo: Ventas
[2025-07-20 13:46:14] Usuario: Carlos (ID: 1, Rol: Administrador) - Accedió al módulo: Ventas
[2025-07-20 13:46:14] Usuario: Carlos (ID: 1, Rol: Administrador) - Accedió al módulo: Ventas
[2025-07-20 13:46:14] Usuario: Carlos (ID: 1, Rol: Administrador) - Accedió al módulo: Ventas
[2025-07-20 13:46:14] Usuario: Carlos (ID: 1, Rol: Administrador) - Accedió al módulo: Ventas
[2025-07-20 13:46:39] Usuario: Carlos (ID: 1, Rol: Administrador) - Accedió al módulo: Inventario
[2025-07-20 13:46:39] Usuario: Carlos (ID: 1, Rol: Administrador) - Accedió al módulo: Inventario
[2025-07-20 13:46:52] Usuario: Carlos (ID: 1, Rol: Administrador) - Accedió al módulo: Inventario
[2025-07-20 13:47:10] Usuario: Carlos (ID: 1, Rol: Administrador) - Accedió al módulo: Inventario
[2025-07-20 14:03:34] Usuario: Carlos (ID: 1, Rol: Administrador) - Accedió al módulo: Inventario
[2025-07-20 14:03:35] Usuario: Carlos (ID: 1, Rol: Administrador) - Accedió al módulo: Inventario
[2025-07-20 14:03:38] Usuario: Carlos (ID: 1, Rol: Administrador) - Accedió al módulo: Inventario
[2025-07-20 14:03:40] Usuario: Carlos (ID: 1, Rol: Administrador) - Accedió al módulo: Inventario
[2025-07-20 14:03:41] Usuario: Carlos (ID: 1, Rol: Administrador) - Accedió al módulo: Inventario
[2025-07-20 14:03:42] Usuario: Carlos (ID: 1, Rol: Administrador) - Accedió al módulo: Inventario
[2025-07-20 14:03:42] Usuario: Carlos (ID: 1, Rol: Administrador) - Accedió al módulo: Clientes
[2025-07-20 14:03:42] Usuario: Carlos (ID: 1, Rol: Administrador) - Accedió al módulo: Clientes
[2025-07-20 14:03:42] Usuario: Carlos (ID: 1, Rol: Administrador) - Accedió al módulo: Clientes
[2025-07-20 14:03:43] Usuario: Carlos (ID: 1, Rol: Administrador) - Accedió al módulo: Proveedores
[2025-07-20 14:03:43] Usuario: Carlos (ID: 1, Rol: Administrador) - Accedió al módulo: Proveedores
[2025-07-20 14:03:44] Usuario: Carlos (ID: 1, Rol: Administrador) - Accedió al módulo: Compras
[2025-07-20 14:03:44] Usuario: Carlos (ID: 1, Rol: Administrador) - Accedió al módulo: Compras
[2025-07-20 14:03:44] Usuario: Carlos (ID: 1, Rol: Administrador) - Accedió al módulo: Compras
[2025-07-20 14:03:44] Usuario: Carlos (ID: 1, Rol: Administrador) - Accedió al módulo: Ventas
[2025-07-20 14:03:45] Usuario: Carlos (ID: 1, Rol: Administrador) - Accedió al módulo: Ventas
[2025-07-20 14:03:45] Usuario: Carlos (ID: 1, Rol: Administrador) - Accedió al módulo: Errors
[2025-07-20 14:03:46] Usuario: Carlos (ID: 1, Rol: Administrador) - Accedió al módulo: Ventas
[2025-07-20 14:03:47] Usuario: Carlos (ID: 1, Rol: Administrador) - Accedió al módulo: Ventas
[2025-07-20 14:04:45] Usuario: Carlos (ID: 1, Rol: Administrador) - Accedió al módulo: Ventas
[2025-07-20 14:04:46] Usuario: Carlos (ID: 1, Rol: Administrador) - Accedió al módulo: Ventas
[2025-07-20 14:04:47] Usuario: Carlos (ID: 1, Rol: Administrador) - Accedió al módulo: Ventas
[2025-07-20 14:04:50] Usuario: Carlos (ID: 1, Rol: Administrador) - Accedió al módulo: Ventas
[2025-07-20 14:04:52] Usuario: Carlos (ID: 1, Rol: Administrador) - Accedió al módulo: Productos
[2025-07-20 14:04:52] Usuario: Carlos (ID: 1, Rol: Administrador) - Accedió al módulo: Productos
[2025-07-20 14:04:52] Usuario: Carlos (ID: 1, Rol: Administrador) - Accedió al módulo: Productos
[2025-07-20 14:05:20] Usuario: Carlos (ID: 1, Rol: Administrador) - Accedió al módulo: Inventario
[2025-07-20 14:05:20] Usuario: Carlos (ID: 1, Rol: Administrador) - Accedió al módulo: Inventario
[2025-07-20 14:05:25] Usuario: Carlos (ID: 1, Rol: Administrador) - Accedió al módulo: Inventario
[2025-07-20 14:05:27] Usuario: Carlos (ID: 1, Rol: Administrador) - Accedió al módulo: Inventario
[2025-07-20 14:05:28] Usuario: Carlos (ID: 1, Rol: Administrador) - Accedió al módulo: Inventario
[2025-07-20 14:05:28] Usuario: Carlos (ID: 1, Rol: Administrador) - Accedió al módulo: Inventario
[2025-07-20 14:05:29] Usuario: Carlos (ID: 1, Rol: Administrador) - Accedió al módulo: Productos
[2025-07-20 14:05:29] Usuario: Carlos (ID: 1, Rol: Administrador) - Accedió al módulo: Productos
[2025-07-20 14:05:29] Usuario: Carlos (ID: 1, Rol: Administrador) - Accedió al módulo: Productos
[2025-07-20 14:05:33] Usuario: Carlos (ID: 1, Rol: Administrador) - Accedió al módulo: Productos
[2025-07-20 14:05:39] Usuario: Carlos (ID: 1, Rol: Administrador) - Accedió al módulo: Inventario
[2025-07-20 14:05:39] Usuario: Carlos (ID: 1, Rol: Administrador) - Accedió al módulo: Inventario
[2025-07-20 14:06:55] Usuario: Carlos (ID: 1, Rol: Administrador) - Accedió al módulo: Productos
[2025-07-20 14:06:55] Usuario: Carlos (ID: 1, Rol: Administrador) - Accedió al módulo: Productos
[2025-07-20 14:06:55] Usuario: Carlos (ID: 1, Rol: Administrador) - Accedió al módulo: Productos
[2025-07-20 14:06:56] Usuario: Carlos (ID: 1, Rol: Administrador) - Accedió al módulo: Dashboard
[2025-07-20 14:06:57] Usuario: Carlos (ID: 1, Rol: Administrador) - Accedió al módulo: Productos
[2025-07-20 14:06:57] Usuario: Carlos (ID: 1, Rol: Administrador) - Accedió al módulo: Productos
[2025-07-20 14:06:57] Usuario: Carlos (ID: 1, Rol: Administrador) - Accedió al módulo: Productos
[2025-07-20 14:07:00] Usuario: Carlos (ID: 1, Rol: Administrador) - Accedió al módulo: Productos
[2025-07-20 14:07:04] Usuario: Carlos (ID: 1, Rol: Administrador) - Accedió al módulo: Productos
[2025-07-20 14:07:45] Usuario: Carlos (ID: 1, Rol: Administrador) - Accedió al módulo: Inventario
[2025-07-20 14:07:45] Usuario: Carlos (ID: 1, Rol: Administrador) - Accedió al módulo: Inventario
[2025-07-20 14:07:49] Usuario: Carlos (ID: 1, Rol: Administrador) - Accedió al módulo: Productos
[2025-07-20 14:07:49] Usuario: Carlos (ID: 1, Rol: Administrador) - Accedió al módulo: Productos
[2025-07-20 14:07:49] Usuario: Carlos (ID: 1, Rol: Administrador) - Accedió al módulo: Productos
[2025-07-20 14:07:53] Usuario: Carlos (ID: 1, Rol: Administrador) - Accedió al módulo: Inventario
[2025-07-20 14:07:53] Usuario: Carlos (ID: 1, Rol: Administrador) - Accedió al módulo: Inventario
[2025-07-20 14:11:05] Usuario: Carlos (ID: 1, Rol: Administrador) - Accedió al módulo: Inventario
[2025-07-20 14:11:06] Usuario: Carlos (ID: 1, Rol: Administrador) - Accedió al módulo: Inventario
[2025-07-20 14:33:27] Usuario: Carlos (ID: 1, Rol: Administrador) - Accedió al módulo: Inventario
[2025-07-20 14:33:28] Usuario: Carlos (ID: 1, Rol: Administrador) - Accedió al módulo: Inventario
[2025-07-20 14:33:33] Usuario: Carlos (ID: 1, Rol: Administrador) - Accedió al módulo: Productos
[2025-07-20 14:33:33] Usuario: Carlos (ID: 1, Rol: Administrador) - Accedió al módulo: Productos
[2025-07-20 14:33:33] Usuario: Carlos (ID: 1, Rol: Administrador) - Accedió al módulo: Productos
[2025-07-20 14:33:34] Usuario: Carlos (ID: 1, Rol: Administrador) - Accedió al módulo: Productos
[2025-07-20 14:33:38] Usuario: Carlos (ID: 1, Rol: Administrador) - Accedió al módulo: Productos
[2025-07-20 14:33:38] Usuario: Carlos (ID: 1, Rol: Administrador) - Accedió al módulo: Productos
[2025-07-20 14:33:41] Usuario: Carlos (ID: 1, Rol: Administrador) - Accedió al módulo: Productos
[2025-07-20 14:33:49] Usuario: Carlos (ID: 1, Rol: Administrador) - Accedió al módulo: Inventario
[2025-07-20 14:33:50] Usuario: Carlos (ID: 1, Rol: Administrador) - Accedió al módulo: Inventario
[2025-07-20 14:35:06] Usuario: Carlos (ID: 1, Rol: Administrador) - Accedió al módulo: Inventario
[2025-07-20 14:35:06] Usuario: Carlos (ID: 1, Rol: Administrador) - Accedió al módulo: Inventario
[2025-07-20 14:35:07] Usuario: Carlos (ID: 1, Rol: Administrador) - Accedió al módulo: Inventario
[2025-07-20 14:35:09] Usuario: Carlos (ID: 1, Rol: Administrador) - Accedió al módulo: Inventario
[2025-07-20 14:37:49] Usuario: Carlos (ID: 1, Rol: Administrador) - Accedió al módulo: Inventario
[2025-07-20 14:37:50] Usuario: Carlos (ID: 1, Rol: Administrador) - Accedió al módulo: Inventario
[2025-07-20 14:37:50] Usuario: Carlos (ID: 1, Rol: Administrador) - Accedió al módulo: Inventario
[2025-07-20 14:37:53] Usuario: Carlos (ID: 1, Rol: Administrador) - Accedió al módulo: Inventario
[2025-07-20 14:37:53] Usuario: Carlos (ID: 1, Rol: Administrador) - Accedió al módulo: Inventario
[2025-07-20 14:37:54] Usuario: Carlos (ID: 1, Rol: Administrador) - Accedió al módulo: Inventario
[2025-07-20 14:37:57] Usuario: Carlos (ID: 1, Rol: Administrador) - Accedió al módulo: Inventario
[2025-07-20 14:37:59] Usuario: Carlos (ID: 1, Rol: Administrador) - Accedió al módulo: Inventario
[2025-07-20 14:38:17] Usuario: Carlos (ID: 1, Rol: Administrador) - Accedió al módulo: Inventario
[2025-07-20 14:38:17] Usuario: Carlos (ID: 1, Rol: Administrador) - Accedió al módulo: Inventario
[2025-07-20 14:38:18] Usuario: Carlos (ID: 1, Rol: Administrador) - Accedió al módulo: Inventario
[2025-07-20 14:38:20] Usuario: Carlos (ID: 1, Rol: Administrador) - Accedió al módulo: Inventario
[2025-07-20 14:38:36] Usuario: Carlos (ID: 1, Rol: Administrador) - Accedió al módulo: Ventas
[2025-07-20 14:38:36] Usuario: Carlos (ID: 1, Rol: Administrador) - Accedió al módulo: Ventas
[2025-07-20 14:38:37] Usuario: Carlos (ID: 1, Rol: Administrador) - Accedió al módulo: Ventas
[2025-07-20 14:38:37] Usuario: Carlos (ID: 1, Rol: Administrador) - Accedió al módulo: Ventas
[2025-07-20 14:38:37] Usuario: Carlos (ID: 1, Rol: Administrador) - Accedió al módulo: Ventas
[2025-07-20 14:38:55] Usuario: Carlos (ID: 1, Rol: Administrador) - Accedió al módulo: Productos
[2025-07-20 14:38:55] Usuario: Carlos (ID: 1, Rol: Administrador) - Accedió al módulo: Productos
[2025-07-20 14:38:55] Usuario: Carlos (ID: 1, Rol: Administrador) - Accedió al módulo: Productos
[2025-07-20 14:39:03] Usuario: Carlos (ID: 1, Rol: Administrador) - Accedió al módulo: Productos
[2025-07-20 14:39:20] Usuario: Carlos (ID: 1, Rol: Administrador) - Accedió al módulo: Inventario
[2025-07-20 14:39:20] Usuario: Carlos (ID: 1, Rol: Administrador) - Accedió al módulo: Inventario
[2025-07-20 14:39:20] Usuario: Carlos (ID: 1, Rol: Administrador) - Accedió al módulo: Inventario
[2025-07-20 14:39:22] Usuario: Carlos (ID: 1, Rol: Administrador) - Accedió al módulo: Inventario
[2025-07-20 14:39:28] Usuario: Carlos (ID: 1, Rol: Administrador) - Accedió al módulo: Productos
[2025-07-20 14:39:28] Usuario: Carlos (ID: 1, Rol: Administrador) - Accedió al módulo: Productos
[2025-07-20 14:39:28] Usuario: Carlos (ID: 1, Rol: Administrador) - Accedió al módulo: Productos
[2025-07-20 14:39:33] Usuario: Carlos (ID: 1, Rol: Administrador) - Accedió al módulo: Productos
[2025-07-20 14:43:08] Usuario: Carlos (ID: 1, Rol: Administrador) - Accedió al módulo: Compras
[2025-07-20 14:43:08] Usuario: Carlos (ID: 1, Rol: Administrador) - Accedió al módulo: Compras
[2025-07-20 14:43:09] Usuario: Carlos (ID: 1, Rol: Administrador) - Accedió al módulo: Compras
[2025-07-20 14:43:11] Usuario: Carlos (ID: 1, Rol: Administrador) - Accedió al módulo: Compras
[2025-07-20 14:43:42] Usuario: Carlos (ID: 1, Rol: Administrador) - Accedió al módulo: Compras
[2025-07-20 14:43:43] Usuario: Carlos (ID: 1, Rol: Administrador) - Accedió al módulo: Compras
[2025-07-20 14:43:43] Usuario: Carlos (ID: 1, Rol: Administrador) - Accedió al módulo: Compras
[2025-07-20 14:43:44] Usuario: Carlos (ID: 1, Rol: Administrador) - Accedió al módulo: Productos
[2025-07-20 14:43:44] Usuario: Carlos (ID: 1, Rol: Administrador) - Accedió al módulo: Productos
[2025-07-20 14:43:44] Usuario: Carlos (ID: 1, Rol: Administrador) - Accedió al módulo: Productos
[2025-07-20 14:50:55] Usuario: Carlos (ID: 1, Rol: Administrador) - Accedió al módulo: Ventas
[2025-07-20 14:50:55] Usuario: Carlos (ID: 1, Rol: Administrador) - Accedió al módulo: Ventas
[2025-07-20 14:50:58] Usuario: Carlos (ID: 1, Rol: Administrador) - Accedió al módulo: Ventas
[2025-07-20 14:50:58] Usuario: Carlos (ID: 1, Rol: Administrador) - Accedió al módulo: Ventas
[2025-07-20 14:50:59] Usuario: Carlos (ID: 1, Rol: Administrador) - Accedió al módulo: Ventas
[2025-07-20 14:55:38] Usuario: Carlos (ID: 1, Rol: Administrador) - Accedió al módulo: Ventas
[2025-07-20 14:55:38] Usuario: Carlos (ID: 1, Rol: Administrador) - Accedió al módulo: Ventas
[2025-07-20 14:55:38] Usuario: Carlos (ID: 1, Rol: Administrador) - Accedió al módulo: Ventas
[2025-07-20 14:55:39] Usuario: Carlos (ID: 1, Rol: Administrador) - Accedió al módulo: Productos
[2025-07-20 14:55:39] Usuario: Carlos (ID: 1, Rol: Administrador) - Accedió al módulo: Productos
[2025-07-20 14:55:39] Usuario: Carlos (ID: 1, Rol: Administrador) - Accedió al módulo: Productos
[2025-07-20 14:55:41] Usuario: Carlos (ID: 1, Rol: Administrador) - Accedió al módulo: Productos
[2025-07-20 14:55:41] Usuario: Carlos (ID: 1, Rol: Administrador) - Accedió al módulo: Productos
[2025-07-20 14:55:41] Usuario: Carlos (ID: 1, Rol: Administrador) - Accedió al módulo: Productos
[2025-07-20 14:56:54] Usuario: Carlos (ID: 1, Rol: Administrador) - Accedió al módulo: Dashboard
[2025-07-20 14:57:10] Usuario: Carlos (ID: 1, Rol: Administrador) - Accedió al módulo: Dashboard
[2025-07-20 15:00:33] Usuario: Carlos (ID: 1, Rol: Administrador) - Accedió al módulo: Dashboard
[2025-07-20 15:00:55] Usuario: Carlos (ID: 1, Rol: Administrador) - Accedió al módulo: Ventas
[2025-07-20 15:00:55] Usuario: Carlos (ID: 1, Rol: Administrador) - Accedió al módulo: Ventas
[2025-07-20 15:00:56] Usuario: Carlos (ID: 1, Rol: Administrador) - Accedió al módulo: Ventas
[2025-07-20 15:00:56] Usuario: Carlos (ID: 1, Rol: Administrador) - Accedió al módulo: Ventas
[2025-07-20 15:00:56] Usuario: Carlos (ID: 1, Rol: Administrador) - Accedió al módulo: Ventas
[2025-07-20 15:01:00] Usuario: Carlos (ID: 1, Rol: Administrador) - Accedió al módulo: Compras
[2025-07-20 15:01:00] Usuario: Carlos (ID: 1, Rol: Administrador) - Accedió al módulo: Compras
[2025-07-20 15:01:00] Usuario: Carlos (ID: 1, Rol: Administrador) - Accedió al módulo: Compras
[2025-07-20 15:01:03] Usuario: Carlos (ID: 1, Rol: Administrador) - Accedió al módulo: Compras
[2025-07-20 15:01:03] Usuario: Carlos (ID: 1, Rol: Administrador) - Accedió al módulo: Compras
[2025-07-20 15:01:03] Usuario: Carlos (ID: 1, Rol: Administrador) - Accedió al módulo: Compras
[2025-07-20 15:01:07] Usuario: Carlos (ID: 1, Rol: Administrador) - Accedió al módulo: Compras
[2025-07-20 15:01:07] Usuario: Carlos (ID: 1, Rol: Administrador) - Accedió al módulo: Compras
[2025-07-20 15:01:08] Usuario: Carlos (ID: 1, Rol: Administrador) - Accedió al módulo: Compras
[2025-07-20 15:01:14] Usuario: Carlos (ID: 1, Rol: Administrador) - Accedió al módulo: Compras
[2025-07-20 15:01:15] Usuario: Carlos (ID: 1, Rol: Administrador) - Accedió al módulo: Compras
[2025-07-20 15:01:16] Usuario: Carlos (ID: 1, Rol: Administrador) - Accedió al módulo: Compras
[2025-07-20 15:01:17] Usuario: Carlos (ID: 1, Rol: Administrador) - Accedió al módulo: Compras
[2025-07-20 15:01:17] Usuario: Carlos (ID: 1, Rol: Administrador) - Accedió al módulo: Compras
[2025-07-20 15:01:17] Usuario: Carlos (ID: 1, Rol: Administrador) - Accedió al módulo: Compras
[2025-07-20 15:01:19] Usuario: Carlos (ID: 1, Rol: Administrador) - Accedió al módulo: Categorias
[2025-07-20 15:01:19] Usuario: Carlos (ID: 1, Rol: Administrador) - Accedió al módulo: Categorias
[2025-07-20 15:03:15] Usuario: Carlos (ID: 1, Rol: Administrador) - Accedió al módulo: Categorias
[2025-07-20 15:03:16] Usuario: Carlos (ID: 1, Rol: Administrador) - Accedió al módulo: Categorias
[2025-07-20 15:03:21] Usuario: Carlos (ID: 1, Rol: Administrador) - Accedió al módulo: Categorias
[2025-07-20 15:03:21] Usuario: Carlos (ID: 1, Rol: Administrador) - Accedió al módulo: Categorias
[2025-07-20 15:03:23] Usuario: Carlos (ID: 1, Rol: Administrador) - Accedió al módulo: Productos
[2025-07-20 15:03:23] Usuario: Carlos (ID: 1, Rol: Administrador) - Accedió al módulo: Productos
[2025-07-20 15:03:23] Usuario: Carlos (ID: 1, Rol: Administrador) - Accedió al módulo: Productos
[2025-07-20 15:04:03] Usuario: Carlos (ID: 1, Rol: Administrador) - Accedió al módulo: Productos
[2025-07-20 15:04:03] Usuario: Carlos (ID: 1, Rol: Administrador) - Accedió al módulo: Productos
[2025-07-20 15:04:11] Usuario: Carlos (ID: 1, Rol: Administrador) - Accedió al módulo: Ventas
[2025-07-20 15:04:11] Usuario: Carlos (ID: 1, Rol: Administrador) - Accedió al módulo: Ventas
[2025-07-20 15:04:12] Usuario: Carlos (ID: 1, Rol: Administrador) - Accedió al módulo: Ventas
[2025-07-20 15:04:12] Usuario: Carlos (ID: 1, Rol: Administrador) - Accedió al módulo: Ventas
[2025-07-20 15:04:12] Usuario: Carlos (ID: 1, Rol: Administrador) - Accedió al módulo: Ventas
[2025-07-20 15:04:41] Usuario: Carlos (ID: 1, Rol: Administrador) - Accedió al módulo: Ventas
[2025-07-20 15:04:54] Usuario: Carlos (ID: 1, Rol: Administrador) - Accedió al módulo: Errors
[2025-07-20 15:09:52] Usuario: Carlos (ID: 1, Rol: Administrador) - Accedió al módulo: Ventas
[2025-07-20 15:09:54] Usuario: Carlos (ID: 1, Rol: Administrador) - Accedió al módulo: Ventas
[2025-07-20 15:09:56] Usuario: Carlos (ID: 1, Rol: Administrador) - Accedió al módulo: Ventas
[2025-07-20 15:09:56] Usuario: Carlos (ID: 1, Rol: Administrador) - Accedió al módulo: Ventas
[2025-07-20 15:09:56] Usuario: Carlos (ID: 1, Rol: Administrador) - Accedió al módulo: Ventas
[2025-07-20 15:10:02] Usuario: Carlos (ID: 1, Rol: Administrador) - Accedió al módulo: Ventas
[2025-07-20 15:10:31] Usuario: Carlos (ID: 1, Rol: Administrador) - Accedió al módulo: Errors
[2025-07-20 15:10:38] Usuario: Carlos (ID: 1, Rol: Administrador) - Accedió al módulo: Ventas
[2025-07-20 15:10:38] Usuario: Carlos (ID: 1, Rol: Administrador) - Accedió al módulo: Errors
[2025-07-20 15:10:38] Usuario: Carlos (ID: 1, Rol: Administrador) - Accedió al módulo: Ventas
[2025-07-20 15:10:38] Usuario: Carlos (ID: 1, Rol: Administrador) - Accedió al módulo: Ventas
[2025-07-20 15:10:47] Usuario: Carlos (ID: 1, Rol: Administrador) - Accedió al módulo: Ventas
[2025-07-20 15:10:56] Usuario: Carlos (ID: 1, Rol: Administrador) - Accedió al módulo: Ventas
[2025-07-20 15:20:18] Usuario: Carlos (ID: 1, Rol: Administrador) - Accedió al módulo: Ventas
[2025-07-20 15:20:18] Usuario: Carlos (ID: 1, Rol: Administrador) - Accedió al módulo: Errors
[2025-07-20 15:20:18] Usuario: Carlos (ID: 1, Rol: Administrador) - Accedió al módulo: Ventas
[2025-07-20 15:20:18] Usuario: Carlos (ID: 1, Rol: Administrador) - Accedió al módulo: Ventas
[2025-07-20 15:20:26] Usuario: Carlos (ID: 1, Rol: Administrador) - Accedió al módulo: Ventas
[2025-07-20 15:20:57] Usuario: Carlos (ID: 1, Rol: Administrador) - Accedió al módulo: Ventas
[2025-07-20 15:27:01] Usuario: Carlos (ID: 1, Rol: Administrador) - Accedió al módulo: Ventas
[2025-07-20 15:27:01] Usuario: Carlos (ID: 1, Rol: Administrador) - Accedió al módulo: Errors
[2025-07-20 15:27:03] Usuario: Carlos (ID: 1, Rol: Administrador) - Accedió al módulo: Ventas
[2025-07-20 15:27:03] Usuario: Carlos (ID: 1, Rol: Administrador) - Accedió al módulo: Ventas
[2025-07-20 15:28:26] Usuario: Carlos (ID: 1, Rol: Administrador) - Accedió al módulo: Ventas
[2025-07-20 15:30:55] Usuario: Carlos (ID: 1, Rol: Administrador) - Accedió al módulo: Ventas
[2025-07-20 15:30:55] Usuario: Carlos (ID: 1, Rol: Administrador) - Accedió al módulo: Errors
[2025-07-20 15:30:55] Usuario: Carlos (ID: 1, Rol: Administrador) - Accedió al módulo: Ventas
[2025-07-20 15:30:55] Usuario: Carlos (ID: 1, Rol: Administrador) - Accedió al módulo: Ventas
[2025-07-20 15:31:06] Usuario: Carlos (ID: 1, Rol: Administrador) - Accedió al módulo: Ventas
[2025-07-20 15:35:26] Usuario: Carlos (ID: 1, Rol: Administrador) - Accedió al módulo: Ventas
[2025-07-20 15:35:26] Usuario: Carlos (ID: 1, Rol: Administrador) - Accedió al módulo: Errors
[2025-07-20 15:35:27] Usuario: Carlos (ID: 1, Rol: Administrador) - Accedió al módulo: Ventas
[2025-07-20 15:35:27] Usuario: Carlos (ID: 1, Rol: Administrador) - Accedió al módulo: Ventas
[2025-07-20 15:35:36] Usuario: Carlos (ID: 1, Rol: Administrador) - Accedió al módulo: Ventas
[2025-07-20 15:37:28] Usuario: Carlos (ID: 1, Rol: Administrador) - Accedió al módulo: Ventas
[2025-07-20 15:37:28] Usuario: Carlos (ID: 1, Rol: Administrador) - Accedió al módulo: Errors
[2025-07-20 15:37:32] Usuario: Carlos (ID: 1, Rol: Administrador) - Accedió al módulo: Ventas
[2025-07-20 15:37:32] Usuario: Carlos (ID: 1, Rol: Administrador) - Accedió al módulo: Ventas
[2025-07-20 15:37:42] Usuario: Carlos (ID: 1, Rol: Administrador) - Accedió al módulo: Ventas
[2025-07-20 15:38:17] Usuario: Carlos (ID: 1, Rol: Administrador) - Accedió al módulo: Errors
[2025-07-20 15:38:37] Usuario: Carlos (ID: 1, Rol: Administrador) - Accedió al módulo: Ventas
[2025-07-20 15:38:41] Usuario: Carlos (ID: 1, Rol: Administrador) - Accedió al módulo: Ventas
[2025-07-20 15:38:41] Usuario: Carlos (ID: 1, Rol: Administrador) - Accedió al módulo: Errors
[2025-07-20 15:38:41] Usuario: Carlos (ID: 1, Rol: Administrador) - Accedió al módulo: Ventas
[2025-07-20 15:38:41] Usuario: Carlos (ID: 1, Rol: Administrador) - Accedió al módulo: Ventas
[2025-07-20 15:38:41] Usuario: Carlos (ID: 1, Rol: Administrador) - Accedió al módulo: Errors
[2025-07-20 15:43:03] Usuario: Carlos (ID: 1, Rol: Administrador) - Accedió al módulo: Ventas
[2025-07-20 15:43:04] Usuario: Carlos (ID: 1, Rol: Administrador) - Accedió al módulo: Errors
[2025-07-20 15:43:05] Usuario: Carlos (ID: 1, Rol: Administrador) - Accedió al módulo: Ventas
[2025-07-20 15:43:05] Usuario: Carlos (ID: 1, Rol: Administrador) - Accedió al módulo: Ventas
[2025-07-20 15:43:05] Usuario: Carlos (ID: 1, Rol: Administrador) - Accedió al módulo: Errors
[2025-07-20 15:43:12] Usuario: Carlos (ID: 1, Rol: Administrador) - Accedió al módulo: Ventas
[2025-07-20 15:43:14] Usuario: Carlos (ID: 1, Rol: Administrador) - Accedió al módulo: Ventas
[2025-07-20 15:46:50] Usuario: Carlos (ID: 1, Rol: Administrador) - Accedió al módulo: Ventas
[2025-07-20 15:46:51] Usuario: Carlos (ID: 1, Rol: Administrador) - Accedió al módulo: Errors
[2025-07-20 15:46:51] Usuario: Carlos (ID: 1, Rol: Administrador) - Accedió al módulo: Ventas
[2025-07-20 15:46:51] Usuario: Carlos (ID: 1, Rol: Administrador) - Accedió al módulo: Ventas
[2025-07-20 15:46:51] Usuario: Carlos (ID: 1, Rol: Administrador) - Accedió al módulo: Errors
[2025-07-20 15:47:00] Usuario: Carlos (ID: 1, Rol: Administrador) - Accedió al módulo: Ventas
[2025-07-20 15:47:00] Usuario: Carlos (ID: 1, Rol: Administrador) - Accedió al módulo: Errors
[2025-07-20 15:47:00] Usuario: Carlos (ID: 1, Rol: Administrador) - Accedió al módulo: Errors
[2025-07-20 15:47:01] Usuario: Carlos (ID: 1, Rol: Administrador) - Accedió al módulo: Ventas
[2025-07-20 15:47:01] Usuario: Carlos (ID: 1, Rol: Administrador) - Accedió al módulo: Ventas
[2025-07-20 15:47:01] Usuario: Carlos (ID: 1, Rol: Administrador) - Accedió al módulo: Errors
[2025-07-20 15:47:01] Usuario: Carlos (ID: 1, Rol: Administrador) - Accedió al módulo: Errors
[2025-07-20 15:47:01] Usuario: Carlos (ID: 1, Rol: Administrador) - Accedió al módulo: Ventas
[2025-07-20 15:47:01] Usuario: Carlos (ID: 1, Rol: Administrador) - Accedió al módulo: Ventas
[2025-07-20 15:47:05] Usuario: Carlos (ID: 1, Rol: Administrador) - Accedió al módulo: Ventas
[2025-07-20 15:48:58] Usuario: Carlos (ID: 1, Rol: Administrador) - Accedió al módulo: Ventas
[2025-07-20 15:49:55] Usuario: Carlos (ID: 1, Rol: Administrador) - Accedió al módulo: Ventas
[2025-07-20 15:49:55] Usuario: Carlos (ID: 1, Rol: Administrador) - Accedió al módulo: Errors
[2025-07-20 15:49:57] Usuario: Carlos (ID: 1, Rol: Administrador) - Accedió al módulo: Ventas
[2025-07-20 15:49:57] Usuario: Carlos (ID: 1, Rol: Administrador) - Accedió al módulo: Ventas
[2025-07-20 15:49:57] Usuario: Carlos (ID: 1, Rol: Administrador) - Accedió al módulo: Errors
[2025-07-20 15:52:22] Usuario: Carlos (ID: 1, Rol: Administrador) - Accedió al módulo: Ventas
[2025-07-20 15:52:22] Usuario: Carlos (ID: 1, Rol: Administrador) - Accedió al módulo: Errors
[2025-07-20 15:52:23] Usuario: Carlos (ID: 1, Rol: Administrador) - Accedió al módulo: Ventas
[2025-07-20 15:52:23] Usuario: Carlos (ID: 1, Rol: Administrador) - Accedió al módulo: Ventas
[2025-07-20 15:52:23] Usuario: Carlos (ID: 1, Rol: Administrador) - Accedió al módulo: Errors
[2025-07-20 15:52:38] Usuario: Carlos (ID: 1, Rol: Administrador) - Accedió al módulo: Ventas
[2025-07-20 15:58:22] Usuario: Carlos (ID: 1, Rol: Administrador) - Accedió al módulo: Ventas
[2025-07-20 15:58:22] Usuario: Carlos (ID: 1, Rol: Administrador) - Accedió al módulo: Errors
[2025-07-20 15:58:22] Usuario: Carlos (ID: 1, Rol: Administrador) - Accedió al módulo: Ventas
[2025-07-20 15:58:22] Usuario: Carlos (ID: 1, Rol: Administrador) - Accedió al módulo: Ventas
[2025-07-20 15:58:22] Usuario: Carlos (ID: 1, Rol: Administrador) - Accedió al módulo: Errors
[2025-07-20 15:58:27] Usuario: Carlos (ID: 1, Rol: Administrador) - Accedió al módulo: Ventas
[2025-07-20 16:28:08] Usuario: Carlos (ID: 1, Rol: Administrador) - Accedió al módulo: Ventas
[2025-07-20 16:28:08] Usuario: Carlos (ID: 1, Rol: Administrador) - Accedió al módulo: Errors
[2025-07-20 16:28:08] Usuario: Carlos (ID: 1, Rol: Administrador) - Accedió al módulo: Ventas
[2025-07-20 16:28:08] Usuario: Carlos (ID: 1, Rol: Administrador) - Accedió al módulo: Ventas
[2025-07-20 16:28:08] Usuario: Carlos (ID: 1, Rol: Administrador) - Accedió al módulo: Errors
[2025-07-20 16:28:14] Usuario: Carlos (ID: 1, Rol: Administrador) - Accedió al módulo: Ventas
[2025-07-20 16:28:18] Usuario: Carlos (ID: 1, Rol: Administrador) - Accedió al módulo: Ventas
[2025-07-20 16:28:36] Usuario: Carlos (ID: 1, Rol: Administrador) - Accedió al módulo: Ventas
[2025-07-20 16:29:11] Usuario: Carlos (ID: 1, Rol: Administrador) - Accedió al módulo: Login
[2025-07-20 16:29:11] Usuario: Carlos (ID: 1, Rol: Administrador) - Accedió al módulo: Dashboard
[2025-07-20 16:29:11] Usuario: Carlos (ID: 1, Rol: Administrador) - Accedió al módulo: Errors
[2025-07-20 16:29:11] Usuario: Carlos (ID: 1, Rol: Administrador) - Accedió al módulo: Errors
[2025-07-20 16:29:30] Usuario: Carlos (ID: 1, Rol: Administrador) - Accedió al módulo: Ventas
[2025-07-20 16:29:31] Usuario: Carlos (ID: 1, Rol: Administrador) - Accedió al módulo: Dashboard
[2025-07-20 16:29:31] Usuario: Carlos (ID: 1, Rol: Administrador) - Accedió al módulo: Errors
[2025-07-20 16:29:31] Usuario: Carlos (ID: 1, Rol: Administrador) - Accedió al módulo: Dashboard
[2025-07-20 16:29:31] Usuario: Carlos (ID: 1, Rol: Administrador) - Accedió al módulo: Errors
[2025-07-20 16:29:31] Usuario: Carlos (ID: 1, Rol: Administrador) - Accedió al módulo: Dashboard
[2025-07-20 16:29:31] Usuario: Carlos (ID: 1, Rol: Administrador) - Accedió al módulo: Errors
[2025-07-20 16:29:31] Usuario: Carlos (ID: 1, Rol: Administrador) - Accedió al módulo: Dashboard
[2025-07-20 16:29:31] Usuario: Carlos (ID: 1, Rol: Administrador) - Accedió al módulo: Errors
[2025-07-20 16:29:31] Usuario: Carlos (ID: 1, Rol: Administrador) - Accedió al módulo: Ventas
[2025-07-20 16:29:33] Usuario: Carlos (ID: 1, Rol: Administrador) - Accedió al módulo: Ventas
[2025-07-20 16:30:03] Usuario: Carlos (ID: 1, Rol: Administrador) - Accedió al módulo: Errors
[2025-07-20 16:47:31] Usuario: Carlos (ID: 1, Rol: Administrador) - Accedió al módulo: Ventas
[2025-07-20 16:47:31] Usuario: Carlos (ID: 1, Rol: Administrador) - Accedió al módulo: Dashboard
[2025-07-20 16:47:31] Usuario: Carlos (ID: 1, Rol: Administrador) - Accedió al módulo: Errors
[2025-07-20 16:47:31] Usuario: Carlos (ID: 1, Rol: Administrador) - Accedió al módulo: Dashboard
[2025-07-20 16:47:31] Usuario: Carlos (ID: 1, Rol: Administrador) - Accedió al módulo: Errors
[2025-07-20 16:47:31] Usuario: Carlos (ID: 1, Rol: Administrador) - Accedió al módulo: Dashboard
[2025-07-20 16:47:31] Usuario: Carlos (ID: 1, Rol: Administrador) - Accedió al módulo: Errors
[2025-07-20 16:47:31] Usuario: Carlos (ID: 1, Rol: Administrador) - Accedió al módulo: Dashboard
[2025-07-20 16:47:31] Usuario: Carlos (ID: 1, Rol: Administrador) - Accedió al módulo: Errors
[2025-07-20 16:47:31] Usuario: Carlos (ID: 1, Rol: Administrador) - Accedió al módulo: Ventas
[2025-07-20 16:47:33] Usuario: Carlos (ID: 1, Rol: Administrador) - Accedió al módulo: Ventas
[2025-07-20 16:50:46] Usuario: Carlos (ID: 1, Rol: Administrador) - Accedió al módulo: Ventas
[2025-07-20 16:50:46] Usuario: Carlos (ID: 1, Rol: Administrador) - Accedió al módulo: Dashboard
[2025-07-20 16:50:46] Usuario: Carlos (ID: 1, Rol: Administrador) - Accedió al módulo: Errors
[2025-07-20 16:50:46] Usuario: Carlos (ID: 1, Rol: Administrador) - Accedió al módulo: Dashboard
[2025-07-20 16:50:46] Usuario: Carlos (ID: 1, Rol: Administrador) - Accedió al módulo: Errors
[2025-07-20 16:50:46] Usuario: Carlos (ID: 1, Rol: Administrador) - Accedió al módulo: Dashboard
[2025-07-20 16:50:46] Usuario: Carlos (ID: 1, Rol: Administrador) - Accedió al módulo: Errors
[2025-07-20 16:50:46] Usuario: Carlos (ID: 1, Rol: Administrador) - Accedió al módulo: Dashboard
[2025-07-20 16:50:46] Usuario: Carlos (ID: 1, Rol: Administrador) - Accedió al módulo: Errors
[2025-07-20 16:50:46] Usuario: Carlos (ID: 1, Rol: Administrador) - Accedió al módulo: Ventas
[2025-07-20 16:50:47] Usuario: Carlos (ID: 1, Rol: Administrador) - Accedió al módulo: Ventas
[2025-07-20 16:53:33] Usuario: Carlos (ID: 1, Rol: Administrador) - Accedió al módulo: Ventas
[2025-07-20 16:53:41] Usuario: Carlos (ID: 1, Rol: Administrador) - Accedió al módulo: Ventas
[2025-07-20 16:53:41] Usuario: Carlos (ID: 1, Rol: Administrador) - Accedió al módulo: Ventas
[2025-07-20 16:53:41] Usuario: Carlos (ID: 1, Rol: Administrador) - Accedió al módulo: Ventas
[2025-07-20 16:53:50] Usuario: Carlos (ID: 1, Rol: Administrador) - Accedió al módulo: Ventas
[2025-07-20 16:53:52] Usuario: Carlos (ID: 1, Rol: Administrador) - Accedió al módulo: Ventas
[2025-07-20 16:54:07] Usuario: Carlos (ID: 1, Rol: Administrador) - Accedió al módulo: Ventas
[2025-07-20 16:54:08] Usuario: Carlos (ID: 1, Rol: Administrador) - Accedió al módulo: Ventas
[2025-07-20 16:54:08] Usuario: Carlos (ID: 1, Rol: Administrador) - Accedió al módulo: Ventas
[2025-07-20 16:54:15] Usuario: Carlos (ID: 1, Rol: Administrador) - Accedió al módulo: Ventas
[2025-07-20 16:54:15] Usuario: Carlos (ID: 1, Rol: Administrador) - Accedió al módulo: Dashboard
[2025-07-20 16:54:15] Usuario: Carlos (ID: 1, Rol: Administrador) - Accedió al módulo: Errors
[2025-07-20 16:54:15] Usuario: Carlos (ID: 1, Rol: Administrador) - Accedió al módulo: Dashboard
[2025-07-20 16:54:15] Usuario: Carlos (ID: 1, Rol: Administrador) - Accedió al módulo: Errors
[2025-07-20 16:54:15] Usuario: Carlos (ID: 1, Rol: Administrador) - Accedió al módulo: Dashboard
[2025-07-20 16:54:15] Usuario: Carlos (ID: 1, Rol: Administrador) - Accedió al módulo: Errors
[2025-07-20 16:54:15] Usuario: Carlos (ID: 1, Rol: Administrador) - Accedió al módulo: Dashboard
[2025-07-20 16:54:15] Usuario: Carlos (ID: 1, Rol: Administrador) - Accedió al módulo: Errors
[2025-07-20 16:54:15] Usuario: Carlos (ID: 1, Rol: Administrador) - Accedió al módulo: Ventas
[2025-07-20 16:54:16] Usuario: Carlos (ID: 1, Rol: Administrador) - Accedió al módulo: Ventas
[2025-07-20 16:55:01] Usuario: Carlos (ID: 1, Rol: Administrador) - Accedió al módulo: Productos
[2025-07-20 16:55:02] Usuario: Carlos (ID: 1, Rol: Administrador) - Accedió al módulo: Productos
[2025-07-20 16:55:02] Usuario: Carlos (ID: 1, Rol: Administrador) - Accedió al módulo: Productos
[2025-07-20 16:55:39] Usuario: Carlos (ID: 1, Rol: Administrador) - Accedió al módulo: Categorias
[2025-07-20 16:55:39] Usuario: Carlos (ID: 1, Rol: Administrador) - Accedió al módulo: Categorias
[2025-07-20 16:55:40] Usuario: Carlos (ID: 1, Rol: Administrador) - Accedió al módulo: Productos
[2025-07-20 16:55:40] Usuario: Carlos (ID: 1, Rol: Administrador) - Accedió al módulo: Productos
[2025-07-20 16:55:40] Usuario: Carlos (ID: 1, Rol: Administrador) - Accedió al módulo: Productos
[2025-07-20 16:55:41] Usuario: Carlos (ID: 1, Rol: Administrador) - Accedió al módulo: Clientes
[2025-07-20 16:55:41] Usuario: Carlos (ID: 1, Rol: Administrador) - Accedió al módulo: Clientes
[2025-07-20 16:55:41] Usuario: Carlos (ID: 1, Rol: Administrador) - Accedió al módulo: Clientes
[2025-07-20 16:55:43] Usuario: Carlos (ID: 1, Rol: Administrador) - Accedió al módulo: Proveedores
[2025-07-20 16:55:43] Usuario: Carlos (ID: 1, Rol: Administrador) - Accedió al módulo: Proveedores
[2025-07-20 16:55:44] Usuario: Carlos (ID: 1, Rol: Administrador) - Accedió al módulo: Compras
[2025-07-20 16:55:44] Usuario: Carlos (ID: 1, Rol: Administrador) - Accedió al módulo: Compras
[2025-07-20 16:55:44] Usuario: Carlos (ID: 1, Rol: Administrador) - Accedió al módulo: Compras
[2025-07-20 16:55:47] Usuario: Carlos (ID: 1, Rol: Administrador) - Accedió al módulo: Ventas
[2025-07-20 16:55:47] Usuario: Carlos (ID: 1, Rol: Administrador) - Accedió al módulo: Dashboard
[2025-07-20 16:55:47] Usuario: Carlos (ID: 1, Rol: Administrador) - Accedió al módulo: Errors
[2025-07-20 16:55:47] Usuario: Carlos (ID: 1, Rol: Administrador) - Accedió al módulo: Dashboard
[2025-07-20 16:55:47] Usuario: Carlos (ID: 1, Rol: Administrador) - Accedió al módulo: Errors
[2025-07-20 16:55:47] Usuario: Carlos (ID: 1, Rol: Administrador) - Accedió al módulo: Dashboard
[2025-07-20 16:55:47] Usuario: Carlos (ID: 1, Rol: Administrador) - Accedió al módulo: Errors
[2025-07-20 16:55:47] Usuario: Carlos (ID: 1, Rol: Administrador) - Accedió al módulo: Dashboard
[2025-07-20 16:55:47] Usuario: Carlos (ID: 1, Rol: Administrador) - Accedió al módulo: Errors
[2025-07-20 16:55:47] Usuario: Carlos (ID: 1, Rol: Administrador) - Accedió al módulo: Ventas
[2025-07-20 16:57:46] Usuario: Carlos (ID: 1, Rol: Administrador) - Accedió al módulo: Ventas
[2025-07-20 16:57:47] Usuario: Carlos (ID: 1, Rol: Administrador) - Accedió al módulo: Dashboard
[2025-07-20 16:57:47] Usuario: Carlos (ID: 1, Rol: Administrador) - Accedió al módulo: Errors
[2025-07-20 16:57:47] Usuario: Carlos (ID: 1, Rol: Administrador) - Accedió al módulo: Dashboard
[2025-07-20 16:57:47] Usuario: Carlos (ID: 1, Rol: Administrador) - Accedió al módulo: Errors
[2025-07-20 16:57:47] Usuario: Carlos (ID: 1, Rol: Administrador) - Accedió al módulo: Dashboard
[2025-07-20 16:57:47] Usuario: Carlos (ID: 1, Rol: Administrador) - Accedió al módulo: Errors
[2025-07-20 16:57:47] Usuario: Carlos (ID: 1, Rol: Administrador) - Accedió al módulo: Dashboard
[2025-07-20 16:57:47] Usuario: Carlos (ID: 1, Rol: Administrador) - Accedió al módulo: Errors
[2025-07-20 16:57:47] Usuario: Carlos (ID: 1, Rol: Administrador) - Accedió al módulo: Ventas
[2025-07-20 16:57:48] Usuario: Carlos (ID: 1, Rol: Administrador) - Accedió al módulo: Ventas
[2025-07-20 16:57:53] Usuario: Carlos (ID: 1, Rol: Administrador) - Accedió al módulo: Ventas
[2025-07-20 16:58:00] Usuario: Carlos (ID: 1, Rol: Administrador) - Accedió al módulo: Ventas
[2025-07-20 16:58:10] Usuario: Carlos (ID: 1, Rol: Administrador) - Accedió al módulo: Ventas
[2025-07-20 16:58:10] Usuario: Carlos (ID: 1, Rol: Administrador) - Accedió al módulo: Ventas
[2025-07-20 16:58:11] Usuario: Carlos (ID: 1, Rol: Administrador) - Accedió al módulo: Ventas
[2025-07-20 16:58:18] Usuario: Carlos (ID: 1, Rol: Administrador) - Accedió al módulo: Ventas
[2025-07-20 16:58:19] Usuario: Carlos (ID: 1, Rol: Administrador) - Accedió al módulo: Ventas
[2025-07-20 16:58:44] Usuario: Carlos (ID: 1, Rol: Administrador) - Accedió al módulo: Ventas
[2025-07-20 16:58:45] Usuario: Carlos (ID: 1, Rol: Administrador) - Accedió al módulo: Dashboard
[2025-07-20 16:58:45] Usuario: Carlos (ID: 1, Rol: Administrador) - Accedió al módulo: Errors
[2025-07-20 16:58:45] Usuario: Carlos (ID: 1, Rol: Administrador) - Accedió al módulo: Dashboard
[2025-07-20 16:58:45] Usuario: Carlos (ID: 1, Rol: Administrador) - Accedió al módulo: Errors
[2025-07-20 16:58:45] Usuario: Carlos (ID: 1, Rol: Administrador) - Accedió al módulo: Dashboard
[2025-07-20 16:58:45] Usuario: Carlos (ID: 1, Rol: Administrador) - Accedió al módulo: Errors
[2025-07-20 16:58:45] Usuario: Carlos (ID: 1, Rol: Administrador) - Accedió al módulo: Dashboard
[2025-07-20 16:58:45] Usuario: Carlos (ID: 1, Rol: Administrador) - Accedió al módulo: Errors
[2025-07-20 16:58:45] Usuario: Carlos (ID: 1, Rol: Administrador) - Accedió al módulo: Ventas
[2025-07-20 16:58:51] Usuario: Carlos (ID: 1, Rol: Administrador) - Accedió al módulo: Ventas
[2025-07-20 16:58:54] Usuario: Carlos (ID: 1, Rol: Administrador) - Accedió al módulo: Ventas
[2025-07-20 16:58:58] Usuario: Carlos (ID: 1, Rol: Administrador) - Accedió al módulo: Ventas
[2025-07-20 16:59:00] Usuario: Carlos (ID: 1, Rol: Administrador) - Accedió al módulo: Ventas
[2025-07-20 16:59:23] Usuario: Carlos (ID: 1, Rol: Administrador) - Accedió al módulo: Ventas
[2025-07-20 16:59:23] Usuario: Carlos (ID: 1, Rol: Administrador) - Accedió al módulo: Ventas
[2025-07-20 16:59:23] Usuario: Carlos (ID: 1, Rol: Administrador) - Accedió al módulo: Ventas
[2025-07-20 16:59:34] Usuario: Carlos (ID: 1, Rol: Administrador) - Accedió al módulo: Errors
[2025-07-20 17:00:17] Usuario: Carlos (ID: 1, Rol: Administrador) - Accedió al módulo: Ventas
[2025-07-20 17:00:17] Usuario: Carlos (ID: 1, Rol: Administrador) - Accedió al módulo: Ventas
[2025-07-20 17:00:17] Usuario: Carlos (ID: 1, Rol: Administrador) - Accedió al módulo: Ventas
[2025-07-20 17:00:17] Usuario: Carlos (ID: 1, Rol: Administrador) - Accedió al módulo: Errors
[2025-07-20 17:02:36] Usuario: Carlos (ID: 1, Rol: Administrador) - Accedió al módulo: Ventas
[2025-07-20 17:02:37] Usuario: Carlos (ID: 1, Rol: Administrador) - Accedió al módulo: Errors
[2025-07-20 17:02:38] Usuario: Carlos (ID: 1, Rol: Administrador) - Accedió al módulo: Ventas
[2025-07-20 17:02:38] Usuario: Carlos (ID: 1, Rol: Administrador) - Accedió al módulo: Ventas
[2025-07-20 17:06:08] Usuario: Carlos (ID: 1, Rol: Administrador) - Accedió al módulo: Ventas
[2025-07-20 17:06:08] Usuario: Carlos (ID: 1, Rol: Administrador) - Accedió al módulo: Ventas
[2025-07-20 17:06:08] Usuario: Carlos (ID: 1, Rol: Administrador) - Accedió al módulo: Ventas
[2025-07-20 17:06:09] Usuario: Carlos (ID: 1, Rol: Administrador) - Accedió al módulo: Errors
[2025-07-20 17:08:20] Usuario: Carlos (ID: 1, Rol: Administrador) - Accedió al módulo: Ventas
[2025-07-20 17:08:21] Usuario: Carlos (ID: 1, Rol: Administrador) - Accedió al módulo: Ventas
[2025-07-20 17:08:21] Usuario: Carlos (ID: 1, Rol: Administrador) - Accedió al módulo: Ventas
[2025-07-20 17:08:21] Usuario: Carlos (ID: 1, Rol: Administrador) - Accedió al módulo: Errors
[2025-07-20 17:10:21] Usuario: Carlos (ID: 1, Rol: Administrador) - Accedió al módulo: Ventas
[2025-07-20 17:10:22] Usuario: Carlos (ID: 1, Rol: Administrador) - Accedió al módulo: Ventas
[2025-07-20 17:10:22] Usuario: Carlos (ID: 1, Rol: Administrador) - Accedió al módulo: Ventas
[2025-07-20 17:10:22] Usuario: Carlos (ID: 1, Rol: Administrador) - Accedió al módulo: Errors
[2025-07-20 17:10:53] Usuario: Carlos (ID: 1, Rol: Administrador) - Accedió al módulo: Ventas
[2025-07-20 17:10:53] Usuario: Carlos (ID: 1, Rol: Administrador) - Accedió al módulo: Dashboard
[2025-07-20 17:10:53] Usuario: Carlos (ID: 1, Rol: Administrador) - Accedió al módulo: Errors
[2025-07-20 17:10:53] Usuario: Carlos (ID: 1, Rol: Administrador) - Accedió al módulo: Dashboard
[2025-07-20 17:10:53] Usuario: Carlos (ID: 1, Rol: Administrador) - Accedió al módulo: Errors
[2025-07-20 17:10:53] Usuario: Carlos (ID: 1, Rol: Administrador) - Accedió al módulo: Dashboard
[2025-07-20 17:10:53] Usuario: Carlos (ID: 1, Rol: Administrador) - Accedió al módulo: Errors
[2025-07-20 17:10:53] Usuario: Carlos (ID: 1, Rol: Administrador) - Accedió al módulo: Dashboard
[2025-07-20 17:10:53] Usuario: Carlos (ID: 1, Rol: Administrador) - Accedió al módulo: Errors
[2025-07-20 17:10:53] Usuario: Carlos (ID: 1, Rol: Administrador) - Accedió al módulo: Errors
[2025-07-20 17:10:53] Usuario: Carlos (ID: 1, Rol: Administrador) - Accedió al módulo: Ventas
[2025-07-20 17:11:26] Usuario: Carlos (ID: 1, Rol: Administrador) - Accedió al módulo: Ventas
[2025-07-20 17:11:31] Usuario: Carlos (ID: 1, Rol: Administrador) - Accedió al módulo: Productos
[2025-07-20 17:11:31] Usuario: Carlos (ID: 1, Rol: Administrador) - Accedió al módulo: Productos
[2025-07-20 17:11:31] Usuario: Carlos (ID: 1, Rol: Administrador) - Accedió al módulo: Productos
[2025-07-20 17:11:31] Usuario: Carlos (ID: 1, Rol: Administrador) - Accedió al módulo: Errors
[2025-07-20 17:11:35] Usuario: Carlos (ID: 1, Rol: Administrador) - Accedió al módulo: Productos
[2025-07-20 17:12:07] Usuario: Carlos (ID: 1, Rol: Administrador) - Accedió al módulo: Proveedores
[2025-07-20 17:12:07] Usuario: Carlos (ID: 1, Rol: Administrador) - Accedió al módulo: Proveedores
[2025-07-20 17:12:07] Usuario: Carlos (ID: 1, Rol: Administrador) - Accedió al módulo: Errors
[2025-07-20 17:12:11] Usuario: Carlos (ID: 1, Rol: Administrador) - Accedió al módulo: Compras
[2025-07-20 17:12:11] Usuario: Carlos (ID: 1, Rol: Administrador) - Accedió al módulo: Compras
[2025-07-20 17:12:11] Usuario: Carlos (ID: 1, Rol: Administrador) - Accedió al módulo: Compras
[2025-07-20 17:12:11] Usuario: Carlos (ID: 1, Rol: Administrador) - Accedió al módulo: Errors
[2025-07-20 17:12:14] Usuario: Carlos (ID: 1, Rol: Administrador) - Accedió al módulo: Compras
[2025-07-20 17:12:14] Usuario: Carlos (ID: 1, Rol: Administrador) - Accedió al módulo: Compras
[2025-07-20 17:12:14] Usuario: Carlos (ID: 1, Rol: Administrador) - Accedió al módulo: Compras
[2025-07-20 17:12:14] Usuario: Carlos (ID: 1, Rol: Administrador) - Accedió al módulo: Errors
[2025-07-20 17:12:20] Usuario: Carlos (ID: 1, Rol: Administrador) - Accedió al módulo: Compras
[2025-07-20 17:12:21] Usuario: Carlos (ID: 1, Rol: Administrador) - Accedió al módulo: Compras
[2025-07-20 17:12:21] Usuario: Carlos (ID: 1, Rol: Administrador) - Accedió al módulo: Compras
[2025-07-20 17:12:21] Usuario: Carlos (ID: 1, Rol: Administrador) - Accedió al módulo: Errors
[2025-07-20 17:12:26] Usuario: Carlos (ID: 1, Rol: Administrador) - Accedió al módulo: Compras
[2025-07-20 17:12:26] Usuario: Carlos (ID: 1, Rol: Administrador) - Accedió al módulo: Compras
[2025-07-20 17:12:26] Usuario: Carlos (ID: 1, Rol: Administrador) - Accedió al módulo: Compras
[2025-07-20 17:12:32] Usuario: Carlos (ID: 1, Rol: Administrador) - Accedió al módulo: Compras
[2025-07-20 17:12:33] Usuario: Carlos (ID: 1, Rol: Administrador) - Accedió al módulo: Compras
[2025-07-20 17:12:34] Usuario: Carlos (ID: 1, Rol: Administrador) - Accedió al módulo: Compras
[2025-07-20 17:12:34] Usuario: Carlos (ID: 1, Rol: Administrador) - Accedió al módulo: Dashboard
[2025-07-20 17:12:41] Usuario: Carlos (ID: 1, Rol: Administrador) - Accedió al módulo: Dashboard
[2025-07-20 17:12:55] Usuario: Carlos (ID: 1, Rol: Administrador) - Accedió al módulo: Dashboard
[2025-07-20 17:12:56] Usuario: Carlos (ID: 1, Rol: Administrador) - Accedió al módulo: Productos
[2025-07-20 17:12:56] Usuario: Carlos (ID: 1, Rol: Administrador) - Accedió al módulo: Productos
[2025-07-20 17:12:56] Usuario: Carlos (ID: 1, Rol: Administrador) - Accedió al módulo: Productos
[2025-07-20 17:12:57] Usuario: Carlos (ID: 1, Rol: Administrador) - Accedió al módulo: Productos
[2025-07-20 17:12:57] Usuario: Carlos (ID: 1, Rol: Administrador) - Accedió al módulo: Productos
[2025-07-20 17:12:57] Usuario: Carlos (ID: 1, Rol: Administrador) - Accedió al módulo: Productos
[2025-07-20 17:12:58] Usuario: Carlos (ID: 1, Rol: Administrador) - Accedió al módulo: Clientes
[2025-07-20 17:12:58] Usuario: Carlos (ID: 1, Rol: Administrador) - Accedió al módulo: Clientes
[2025-07-20 17:12:58] Usuario: Carlos (ID: 1, Rol: Administrador) - Accedió al módulo: Clientes
[2025-07-20 17:13:12] Usuario: Carlos (ID: 1, Rol: Administrador) - Accedió al módulo: Dashboard
[2025-07-20 17:13:13] Usuario: Carlos (ID: 1, Rol: Administrador) - Accedió al módulo: Dashboard
[2025-07-20 17:13:17] Usuario: Carlos (ID: 1, Rol: Administrador) - Accedió al módulo: Compras
[2025-07-20 17:13:18] Usuario: Carlos (ID: 1, Rol: Administrador) - Accedió al módulo: Compras
[2025-07-20 17:13:18] Usuario: Carlos (ID: 1, Rol: Administrador) - Accedió al módulo: Compras
[2025-07-20 17:13:19] Usuario: Carlos (ID: 1, Rol: Administrador) - Accedió al módulo: Ventas
[2025-07-20 17:13:20] Usuario: Carlos (ID: 1, Rol: Administrador) - Accedió al módulo: Ventas
[2025-07-20 17:13:20] Usuario: Carlos (ID: 1, Rol: Administrador) - Accedió al módulo: Dashboard
[2025-07-20 17:13:20] Usuario: Carlos (ID: 1, Rol: Administrador) - Accedió al módulo: Dashboard
[2025-07-20 17:13:20] Usuario: Carlos (ID: 1, Rol: Administrador) - Accedió al módulo: Dashboard
[2025-07-20 17:13:20] Usuario: Carlos (ID: 1, Rol: Administrador) - Accedió al módulo: Dashboard
[2025-07-20 17:13:42] Usuario: Carlos (ID: 1, Rol: Administrador) - Accedió al módulo: Ventas
[2025-07-20 17:13:42] Usuario: Carlos (ID: 1, Rol: Administrador) - Accedió al módulo: Ventas
[2025-07-20 17:13:42] Usuario: Carlos (ID: 1, Rol: Administrador) - Accedió al módulo: Ventas
[2025-07-20 17:14:02] Usuario: Carlos (ID: 1, Rol: Administrador) - Accedió al módulo: Productos
[2025-07-20 17:14:02] Usuario: Carlos (ID: 1, Rol: Administrador) - Accedió al módulo: Productos
[2025-07-20 17:14:02] Usuario: Carlos (ID: 1, Rol: Administrador) - Accedió al módulo: Productos
[2025-07-20 17:14:04] Usuario: Carlos (ID: 1, Rol: Administrador) - Accedió al módulo: Productos
[2025-07-20 17:14:13] Usuario: Carlos (ID: 1, Rol: Administrador) - Accedió al módulo: Ventas
[2025-07-20 17:14:14] Usuario: Carlos (ID: 1, Rol: Administrador) - Accedió al módulo: Ventas
[2025-07-20 17:14:14] Usuario: Carlos (ID: 1, Rol: Administrador) - Accedió al módulo: Dashboard
[2025-07-20 17:14:14] Usuario: Carlos (ID: 1, Rol: Administrador) - Accedió al módulo: Dashboard
[2025-07-20 17:14:14] Usuario: Carlos (ID: 1, Rol: Administrador) - Accedió al módulo: Dashboard
[2025-07-20 17:14:14] Usuario: Carlos (ID: 1, Rol: Administrador) - Accedió al módulo: Dashboard
[2025-07-20 17:14:18] Usuario: Carlos (ID: 1, Rol: Administrador) - Accedió al módulo: Dashboard
[2025-07-20 17:14:24] Usuario: Carlos (ID: 1, Rol: Administrador) - Accedió al módulo: Ventas
[2025-07-20 17:14:24] Usuario: Carlos (ID: 1, Rol: Administrador) - Accedió al módulo: Ventas
[2025-07-20 17:14:24] Usuario: Carlos (ID: 1, Rol: Administrador) - Accedió al módulo: Dashboard
[2025-07-20 17:14:24] Usuario: Carlos (ID: 1, Rol: Administrador) - Accedió al módulo: Dashboard
[2025-07-20 17:14:24] Usuario: Carlos (ID: 1, Rol: Administrador) - Accedió al módulo: Dashboard
[2025-07-20 17:14:24] Usuario: Carlos (ID: 1, Rol: Administrador) - Accedió al módulo: Dashboard
[2025-07-20 17:14:28] Usuario: Carlos (ID: 1, Rol: Administrador) - Accedió al módulo: Ventas
[2025-07-20 17:14:29] Usuario: Carlos (ID: 1, Rol: Administrador) - Accedió al módulo: Dashboard
[2025-07-20 17:14:29] Usuario: Carlos (ID: 1, Rol: Administrador) - Accedió al módulo: Dashboard
[2025-07-20 17:14:29] Usuario: Carlos (ID: 1, Rol: Administrador) - Accedió al módulo: Dashboard
[2025-07-20 17:14:29] Usuario: Carlos (ID: 1, Rol: Administrador) - Accedió al módulo: Dashboard
[2025-07-20 17:14:29] Usuario: Carlos (ID: 1, Rol: Administrador) - Accedió al módulo: Ventas
[2025-07-20 17:14:32] Usuario: Carlos (ID: 1, Rol: Administrador) - Accedió al módulo: Errors
[2025-07-20 17:17:35] Usuario: Carlos (ID: 1, Rol: Administrador) - Accedió al módulo: Ventas
[2025-07-20 17:17:37] Usuario: Carlos (ID: 1, Rol: Administrador) - Accedió al módulo: Dashboard
[2025-07-20 17:17:37] Usuario: Carlos (ID: 1, Rol: Administrador) - Accedió al módulo: Dashboard
[2025-07-20 17:17:37] Usuario: Carlos (ID: 1, Rol: Administrador) - Accedió al módulo: Dashboard
[2025-07-20 17:17:37] Usuario: Carlos (ID: 1, Rol: Administrador) - Accedió al módulo: Dashboard
[2025-07-20 17:17:37] Usuario: Carlos (ID: 1, Rol: Administrador) - Accedió al módulo: Ventas
[2025-07-20 17:17:45] Usuario: Carlos (ID: 1, Rol: Administrador) - Accedió al módulo: Dashboard
[2025-07-20 17:17:50] Usuario: Carlos (ID: 1, Rol: Administrador) - Accedió al módulo: Ventas
[2025-07-20 17:17:51] Usuario: Carlos (ID: 1, Rol: Administrador) - Accedió al módulo: Ventas
[2025-07-20 17:17:51] Usuario: Carlos (ID: 1, Rol: Administrador) - Accedió al módulo: Dashboard
[2025-07-20 17:17:51] Usuario: Carlos (ID: 1, Rol: Administrador) - Accedió al módulo: Dashboard
[2025-07-20 17:17:51] Usuario: Carlos (ID: 1, Rol: Administrador) - Accedió al módulo: Dashboard
[2025-07-20 17:17:51] Usuario: Carlos (ID: 1, Rol: Administrador) - Accedió al módulo: Dashboard
[2025-07-20 17:23:09] Usuario: Carlos (ID: 1, Rol: Administrador) - Accedió al módulo: Ventas
[2025-07-20 17:23:10] Usuario: Carlos (ID: 1, Rol: Administrador) - Accedió al módulo: Dashboard
[2025-07-20 17:23:10] Usuario: Carlos (ID: 1, Rol: Administrador) - Accedió al módulo: Dashboard
[2025-07-20 17:23:10] Usuario: Carlos (ID: 1, Rol: Administrador) - Accedió al módulo: Dashboard
[2025-07-20 17:23:10] Usuario: Carlos (ID: 1, Rol: Administrador) - Accedió al módulo: Dashboard
[2025-07-20 17:23:10] Usuario: Carlos (ID: 1, Rol: Administrador) - Accedió al módulo: Ventas
[2025-07-20 17:23:10] Usuario: Carlos (ID: 1, Rol: Administrador) - Accedió al módulo: Ventas
[2025-07-20 17:23:12] Usuario: Carlos (ID: 1, Rol: Administrador) - Accedió al módulo: Dashboard
[2025-07-20 17:23:12] Usuario: Carlos (ID: 1, Rol: Administrador) - Accedió al módulo: Dashboard
[2025-07-20 17:23:12] Usuario: Carlos (ID: 1, Rol: Administrador) - Accedió al módulo: Dashboard
[2025-07-20 17:23:12] Usuario: Carlos (ID: 1, Rol: Administrador) - Accedió al módulo: Dashboard
[2025-07-20 17:23:12] Usuario: Carlos (ID: 1, Rol: Administrador) - Accedió al módulo: Ventas
[2025-07-20 17:23:15] Usuario: Carlos (ID: 1, Rol: Administrador) - Accedió al módulo: Proveedores
[2025-07-20 17:23:15] Usuario: Carlos (ID: 1, Rol: Administrador) - Accedió al módulo: Proveedores
[2025-07-20 17:23:16] Usuario: Carlos (ID: 1, Rol: Administrador) - Accedió al módulo: Compras
[2025-07-20 17:23:17] Usuario: Carlos (ID: 1, Rol: Administrador) - Accedió al módulo: Compras
[2025-07-20 17:23:17] Usuario: Carlos (ID: 1, Rol: Administrador) - Accedió al módulo: Compras
[2025-07-20 17:23:19] Usuario: Carlos (ID: 1, Rol: Administrador) - Accedió al módulo: Compras
[2025-07-20 17:23:19] Usuario: Carlos (ID: 1, Rol: Administrador) - Accedió al módulo: Compras
[2025-07-20 17:23:19] Usuario: Carlos (ID: 1, Rol: Administrador) - Accedió al módulo: Compras
[2025-07-20 17:23:23] Usuario: Carlos (ID: 1, Rol: Administrador) - Accedió al módulo: Categorias
[2025-07-20 17:23:23] Usuario: Carlos (ID: 1, Rol: Administrador) - Accedió al módulo: Categorias
[2025-07-20 17:23:24] Usuario: Carlos (ID: 1, Rol: Administrador) - Accedió al módulo: Productos
[2025-07-20 17:23:24] Usuario: Carlos (ID: 1, Rol: Administrador) - Accedió al módulo: Productos
[2025-07-20 17:23:24] Usuario: Carlos (ID: 1, Rol: Administrador) - Accedió al módulo: Productos
[2025-07-20 17:23:25] Usuario: Carlos (ID: 1, Rol: Administrador) - Accedió al módulo: Productos
[2025-07-20 17:23:36] Usuario: Carlos (ID: 1, Rol: Administrador) - Accedió al módulo: Compras
[2025-07-20 17:23:37] Usuario: Carlos (ID: 1, Rol: Administrador) - Accedió al módulo: Compras
[2025-07-20 17:23:37] Usuario: Carlos (ID: 1, Rol: Administrador) - Accedió al módulo: Compras
[2025-07-20 17:23:39] Usuario: Carlos (ID: 1, Rol: Administrador) - Accedió al módulo: Errors
[2025-07-20 17:23:40] Usuario: Carlos (ID: 1, Rol: Administrador) - Accedió al módulo: Login
[2025-07-20 17:23:40] Usuario: Carlos (ID: 1, Rol: Administrador) - Accedió al módulo: Dashboard
[2025-07-20 17:23:41] Usuario: Carlos (ID: 1, Rol: Administrador) - Accedió al módulo: Ventas
[2025-07-20 17:23:41] Usuario: Carlos (ID: 1, Rol: Administrador) - Accedió al módulo: Ventas
[2025-07-20 17:23:41] Usuario: Carlos (ID: 1, Rol: Administrador) - Accedió al módulo: Dashboard
[2025-07-20 17:23:42] Usuario: Carlos (ID: 1, Rol: Administrador) - Accedió al módulo: Dashboard
[2025-07-20 17:23:42] Usuario: Carlos (ID: 1, Rol: Administrador) - Accedió al módulo: Dashboard
[2025-07-20 17:23:42] Usuario: Carlos (ID: 1, Rol: Administrador) - Accedió al módulo: Dashboard
[2025-07-20 17:23:44] Usuario: Carlos (ID: 1, Rol: Administrador) - Accedió al módulo: Proveedores
[2025-07-20 17:23:44] Usuario: Carlos (ID: 1, Rol: Administrador) - Accedió al módulo: Proveedores
[2025-07-20 17:24:03] Usuario: Carlos (ID: 1, Rol: Administrador) - Accedió al módulo: Proveedores
[2025-07-20 17:24:03] Usuario: Carlos (ID: 1, Rol: Administrador) - Accedió al módulo: Proveedores
[2025-07-20 17:24:06] Usuario: Carlos (ID: 1, Rol: Administrador) - Accedió al módulo: Ventas
[2025-07-20 17:24:06] Usuario: Carlos (ID: 1, Rol: Administrador) - Accedió al módulo: Ventas
[2025-07-20 17:24:06] Usuario: Carlos (ID: 1, Rol: Administrador) - Accedió al módulo: Dashboard
[2025-07-20 17:24:06] Usuario: Carlos (ID: 1, Rol: Administrador) - Accedió al módulo: Dashboard
[2025-07-20 17:24:06] Usuario: Carlos (ID: 1, Rol: Administrador) - Accedió al módulo: Dashboard
[2025-07-20 17:24:06] Usuario: Carlos (ID: 1, Rol: Administrador) - Accedió al módulo: Dashboard
[2025-07-20 17:24:07] Usuario: Carlos (ID: 1, Rol: Administrador) - Accedió al módulo: Compras
[2025-07-20 17:24:08] Usuario: Carlos (ID: 1, Rol: Administrador) - Accedió al módulo: Compras
[2025-07-20 17:24:08] Usuario: Carlos (ID: 1, Rol: Administrador) - Accedió al módulo: Compras
[2025-07-20 17:24:09] Usuario: Carlos (ID: 1, Rol: Administrador) - Accedió al módulo: Compras
[2025-07-20 17:24:09] Usuario: Carlos (ID: 1, Rol: Administrador) - Accedió al módulo: Compras
[2025-07-20 17:24:09] Usuario: Carlos (ID: 1, Rol: Administrador) - Accedió al módulo: Compras
[2025-07-20 17:25:57] Usuario: Carlos (ID: 1, Rol: Administrador) - Accedió al módulo: Compras
[2025-07-20 17:25:57] Usuario: Carlos (ID: 1, Rol: Administrador) - Accedió al módulo: Compras
[2025-07-20 17:25:57] Usuario: Carlos (ID: 1, Rol: Administrador) - Accedió al módulo: Compras
[2025-07-20 17:25:58] Usuario: Carlos (ID: 1, Rol: Administrador) - Accedió al módulo: Productos
[2025-07-20 17:25:58] Usuario: Carlos (ID: 1, Rol: Administrador) - Accedió al módulo: Productos
[2025-07-20 17:25:58] Usuario: Carlos (ID: 1, Rol: Administrador) - Accedió al módulo: Productos
[2025-07-20 17:26:01] Usuario: Carlos (ID: 1, Rol: Administrador) - Accedió al módulo: Productos
[2025-07-20 17:26:01] Usuario: Carlos (ID: 1, Rol: Administrador) - Accedió al módulo: Productos
[2025-07-20 17:26:03] Usuario: Carlos (ID: 1, Rol: Administrador) - Accedió al módulo: Productos
[2025-07-20 17:26:03] Usuario: Carlos (ID: 1, Rol: Administrador) - Accedió al módulo: Productos
[2025-07-20 17:26:09] Usuario: Carlos (ID: 1, Rol: Administrador) - Accedió al módulo: Productos
[2025-07-20 17:26:09] Usuario: Carlos (ID: 1, Rol: Administrador) - Accedió al módulo: Productos
[2025-07-20 17:26:17] Usuario: Carlos (ID: 1, Rol: Administrador) - Accedió al módulo: Productos
[2025-07-20 17:26:46] Usuario: Carlos (ID: 1, Rol: Administrador) - Accedió al módulo: Productos
[2025-07-20 17:26:46] Usuario: Carlos (ID: 1, Rol: Administrador) - Accedió al módulo: Productos
[2025-07-20 17:26:46] Usuario: Carlos (ID: 1, Rol: Administrador) - Accedió al módulo: Productos
[2025-07-20 17:26:46] Usuario: Carlos (ID: 1, Rol: Administrador) - Accedió al módulo: Productos
[2025-07-20 17:26:46] Usuario: Carlos (ID: 1, Rol: Administrador) - Accedió al módulo: Productos
[2025-07-20 17:26:47] Usuario: Carlos (ID: 1, Rol: Administrador) - Accedió al módulo: Productos
[2025-07-20 17:26:51] Usuario: Carlos (ID: 1, Rol: Administrador) - Accedió al módulo: Productos
[2025-07-20 17:26:54] Usuario: Carlos (ID: 1, Rol: Administrador) - Accedió al módulo: Productos
[2025-07-20 17:26:55] Usuario: Carlos (ID: 1, Rol: Administrador) - Accedió al módulo: Productos
[2025-07-20 17:26:56] Usuario: Carlos (ID: 1, Rol: Administrador) - Accedió al módulo: Proveedores
[2025-07-20 17:26:56] Usuario: Carlos (ID: 1, Rol: Administrador) - Accedió al módulo: Compras
[2025-07-20 17:26:56] Usuario: Carlos (ID: 1, Rol: Administrador) - Accedió al módulo: Proveedores
[2025-07-20 17:26:56] Usuario: Carlos (ID: 1, Rol: Administrador) - Accedió al módulo: Compras
[2025-07-20 17:26:56] Usuario: Carlos (ID: 1, Rol: Administrador) - Accedió al módulo: Compras
[2025-07-20 17:26:57] Usuario: Carlos (ID: 1, Rol: Administrador) - Accedió al módulo: Compras
[2025-07-20 17:26:58] Usuario: Carlos (ID: 1, Rol: Administrador) - Accedió al módulo: Compras
[2025-07-20 17:26:58] Usuario: Carlos (ID: 1, Rol: Administrador) - Accedió al módulo: Compras
[2025-07-20 17:28:35] Usuario: Carlos (ID: 1, Rol: Administrador) - Accedió al módulo: Compras
[2025-07-20 17:28:35] Usuario: Carlos (ID: 1, Rol: Administrador) - Accedió al módulo: Compras
[2025-07-20 17:28:35] Usuario: Carlos (ID: 1, Rol: Administrador) - Accedió al módulo: Compras
[2025-07-20 17:28:44] Usuario: Carlos (ID: 1, Rol: Administrador) - Accedió al módulo: Dashboard
[2025-07-20 17:28:50] Usuario: Carlos (ID: 1, Rol: Administrador) - Accedió al módulo: Dashboard
[2025-07-20 17:29:05] Usuario: Carlos (ID: 1, Rol: Administrador) - Accedió al módulo: Categorias
[2025-07-20 17:29:05] Usuario: Carlos (ID: 1, Rol: Administrador) - Accedió al módulo: Categorias
[2025-07-20 17:29:06] Usuario: Carlos (ID: 1, Rol: Administrador) - Accedió al módulo: Productos
[2025-07-20 17:29:06] Usuario: Carlos (ID: 1, Rol: Administrador) - Accedió al módulo: Productos
[2025-07-20 17:29:06] Usuario: Carlos (ID: 1, Rol: Administrador) - Accedió al módulo: Productos
[2025-07-20 17:29:06] Usuario: Carlos (ID: 1, Rol: Administrador) - Accedió al módulo: Compras
[2025-07-20 17:29:07] Usuario: Carlos (ID: 1, Rol: Administrador) - Accedió al módulo: Compras
[2025-07-20 17:29:07] Usuario: Carlos (ID: 1, Rol: Administrador) - Accedió al módulo: Compras
[2025-07-20 17:29:08] Usuario: Carlos (ID: 1, Rol: Administrador) - Accedió al módulo: Ventas
[2025-07-20 17:29:08] Usuario: Carlos (ID: 1, Rol: Administrador) - Accedió al módulo: Ventas
[2025-07-20 17:29:08] Usuario: Carlos (ID: 1, Rol: Administrador) - Accedió al módulo: Dashboard
[2025-07-20 17:29:08] Usuario: Carlos (ID: 1, Rol: Administrador) - Accedió al módulo: Dashboard
[2025-07-20 17:29:08] Usuario: Carlos (ID: 1, Rol: Administrador) - Accedió al módulo: Dashboard
[2025-07-20 17:29:08] Usuario: Carlos (ID: 1, Rol: Administrador) - Accedió al módulo: Dashboard
[2025-07-20 17:29:09] Usuario: Carlos (ID: 1, Rol: Administrador) - Accedió al módulo: Ventas
[2025-07-20 17:29:09] Usuario: Carlos (ID: 1, Rol: Administrador) - Accedió al módulo: Ventas
[2025-07-20 17:29:09] Usuario: Carlos (ID: 1, Rol: Administrador) - Accedió al módulo: Ventas
[2025-07-20 17:35:05] Usuario: Carlos (ID: 1, Rol: Administrador) - Accedió al módulo: Ventas
[2025-07-20 17:35:05] Usuario: Carlos (ID: 1, Rol: Administrador) - Accedió al módulo: Ventas
[2025-07-20 17:35:05] Usuario: Carlos (ID: 1, Rol: Administrador) - Accedió al módulo: Ventas
[2025-07-20 17:35:06] Usuario: Carlos (ID: 1, Rol: Administrador) - Accedió al módulo: Proveedores
[2025-07-20 17:35:07] Usuario: Carlos (ID: 1, Rol: Administrador) - Accedió al módulo: Proveedores
[2025-07-20 17:35:07] Usuario: Carlos (ID: 1, Rol: Administrador) - Accedió al módulo: Compras
[2025-07-20 17:35:07] Usuario: Carlos (ID: 1, Rol: Administrador) - Accedió al módulo: Compras
[2025-07-20 17:35:07] Usuario: Carlos (ID: 1, Rol: Administrador) - Accedió al módulo: Compras
[2025-07-20 17:35:22] Usuario: Carlos (ID: 1, Rol: Administrador) - Accedió al módulo: Productos
[2025-07-20 17:35:22] Usuario: Carlos (ID: 1, Rol: Administrador) - Accedió al módulo: Productos
[2025-07-20 17:35:22] Usuario: Carlos (ID: 1, Rol: Administrador) - Accedió al módulo: Productos
[2025-07-20 17:35:30] Usuario: Carlos (ID: 1, Rol: Administrador) - Accedió al módulo: Productos
[2025-07-20 17:35:30] Usuario: Carlos (ID: 1, Rol: Administrador) - Accedió al módulo: Productos
[2025-07-20 17:35:30] Usuario: Carlos (ID: 1, Rol: Administrador) - Accedió al módulo: Productos
[2025-07-20 17:35:32] Usuario: Carlos (ID: 1, Rol: Administrador) - Accedió al módulo: Productos
[2025-07-20 17:35:34] Usuario: Carlos (ID: 1, Rol: Administrador) - Accedió al módulo: Productos
[2025-07-20 17:35:34] Usuario: Carlos (ID: 1, Rol: Administrador) - Accedió al módulo: Productos
[2025-07-20 17:35:36] Usuario: Carlos (ID: 1, Rol: Administrador) - Accedió al módulo: Productos
[2025-07-20 17:35:36] Usuario: Carlos (ID: 1, Rol: Administrador) - Accedió al módulo: Productos
[2025-07-20 17:35:40] Usuario: Carlos (ID: 1, Rol: Administrador) - Accedió al módulo: Productos
[2025-07-20 17:35:40] Usuario: Carlos (ID: 1, Rol: Administrador) - Accedió al módulo: Productos
[2025-07-20 17:37:09] Usuario: Carlos (ID: 1, Rol: Administrador) - Accedió al módulo: Productos
[2025-07-20 17:37:09] Usuario: Carlos (ID: 1, Rol: Administrador) - Accedió al módulo: Productos
[2025-07-20 17:37:10] Usuario: Carlos (ID: 1, Rol: Administrador) - Accedió al módulo: Productos
[2025-07-20 17:37:12] Usuario: Carlos (ID: 1, Rol: Administrador) - Accedió al módulo: Productos
[2025-07-20 17:37:12] Usuario: Carlos (ID: 1, Rol: Administrador) - Accedió al módulo: Productos
[2025-07-20 17:37:14] Usuario: Carlos (ID: 1, Rol: Administrador) - Accedió al módulo: Productos
[2025-07-20 17:37:16] Usuario: Carlos (ID: 1, Rol: Administrador) - Accedió al módulo: Productos
[2025-07-20 17:37:16] Usuario: Carlos (ID: 1, Rol: Administrador) - Accedió al módulo: Productos
[2025-07-20 22:03:09] Usuario: Admin (ID: 3, Rol: Administrador) - Accedió al módulo: Logout
[2025-07-20 22:05:06] Usuario: Admin (ID: 3, Rol: Administrador) - Accedió al módulo: Dashboard
[2025-07-20 22:05:10] Usuario: Admin (ID: 3, Rol: Administrador) - Accedió al módulo: Categorias
[2025-07-20 22:05:11] Usuario: Admin (ID: 3, Rol: Administrador) - Accedió al módulo: Categorias
[2025-07-20 22:05:12] Usuario: Admin (ID: 3, Rol: Administrador) - Accedió al módulo: Productos
[2025-07-20 22:05:12] Usuario: Admin (ID: 3, Rol: Administrador) - Accedió al módulo: Productos
[2025-07-20 22:05:12] Usuario: Admin (ID: 3, Rol: Administrador) - Accedió al módulo: Productos
[2025-07-20 22:05:15] Usuario: Admin (ID: 3, Rol: Administrador) - Accedió al módulo: Categorias
[2025-07-20 22:05:15] Usuario: Admin (ID: 3, Rol: Administrador) - Accedió al módulo: Categorias
[2025-07-20 22:05:16] Usuario: Admin (ID: 3, Rol: Administrador) - Accedió al módulo: Productos
[2025-07-20 22:05:16] Usuario: Admin (ID: 3, Rol: Administrador) - Accedió al módulo: Productos
[2025-07-20 22:05:16] Usuario: Admin (ID: 3, Rol: Administrador) - Accedió al módulo: Productos
[2025-07-20 22:05:17] Usuario: Admin (ID: 3, Rol: Administrador) - Accedió al módulo: Clientes
[2025-07-20 22:05:17] Usuario: Admin (ID: 3, Rol: Administrador) - Accedió al módulo: Clientes
[2025-07-20 22:05:17] Usuario: Admin (ID: 3, Rol: Administrador) - Accedió al módulo: Clientes
[2025-07-20 22:05:38] Usuario: Admin (ID: 3, Rol: Administrador) - Accedió al módulo: Categorias
[2025-07-20 22:05:39] Usuario: Admin (ID: 3, Rol: Administrador) - Accedió al módulo: Categorias
[2025-07-20 22:05:39] Usuario: Admin (ID: 3, Rol: Administrador) - Accedió al módulo: Categorias
[2025-07-20 22:05:39] Usuario: Admin (ID: 3, Rol: Administrador) - Accedió al módulo: Categorias
[2025-07-20 22:05:40] Usuario: Admin (ID: 3, Rol: Administrador) - Accedió al módulo: Productos
[2025-07-20 22:05:40] Usuario: Admin (ID: 3, Rol: Administrador) - Accedió al módulo: Productos
[2025-07-20 22:05:40] Usuario: Admin (ID: 3, Rol: Administrador) - Accedió al módulo: Productos
[2025-07-20 22:05:54] Usuario: Admin (ID: 3, Rol: Administrador) - Accedió al módulo: Productos
[2025-07-20 22:05:54] Usuario: Admin (ID: 3, Rol: Administrador) - Accedió al módulo: Productos
[2025-07-20 22:05:54] Usuario: Admin (ID: 3, Rol: Administrador) - Accedió al módulo: Productos
[2025-07-20 22:05:56] Usuario: Admin (ID: 3, Rol: Administrador) - Accedió al módulo: Compras
[2025-07-20 22:05:56] Usuario: Admin (ID: 3, Rol: Administrador) - Accedió al módulo: Compras
[2025-07-20 22:05:56] Usuario: Admin (ID: 3, Rol: Administrador) - Accedió al módulo: Compras
[2025-07-20 22:05:58] Usuario: Admin (ID: 3, Rol: Administrador) - Accedió al módulo: Compras
[2025-07-20 22:05:58] Usuario: Admin (ID: 3, Rol: Administrador) - Accedió al módulo: Compras
[2025-07-20 22:05:58] Usuario: Admin (ID: 3, Rol: Administrador) - Accedió al módulo: Compras
[2025-07-20 22:05:59] Usuario: Admin (ID: 3, Rol: Administrador) - Accedió al módulo: Compras
[2025-07-20 22:05:59] Usuario: Admin (ID: 3, Rol: Administrador) - Accedió al módulo: Compras
[2025-07-20 22:05:59] Usuario: Admin (ID: 3, Rol: Administrador) - Accedió al módulo: Compras
[2025-07-20 22:08:46] Usuario: Admin (ID: 3, Rol: Administrador) - Accedió al módulo: Compras
[2025-07-20 22:08:46] Usuario: Admin (ID: 3, Rol: Administrador) - Accedió al módulo: Compras
[2025-07-20 22:08:46] Usuario: Admin (ID: 3, Rol: Administrador) - Accedió al módulo: Compras
[2025-07-20 22:12:27] Usuario: Admin (ID: 3, Rol: Administrador) - Accedió al módulo: Compras
[2025-07-20 22:12:28] Usuario: Admin (ID: 3, Rol: Administrador) - Accedió al módulo: Compras
[2025-07-20 22:12:28] Usuario: Admin (ID: 3, Rol: Administrador) - Accedió al módulo: Compras
[2025-07-20 22:13:15] Usuario: Admin (ID: 3, Rol: Administrador) - Accedió al módulo: Errors
[2025-07-20 22:13:20] Usuario: Admin (ID: 3, Rol: Administrador) - Accedió al módulo: Compras
[2025-07-20 22:13:21] Usuario: Admin (ID: 3, Rol: Administrador) - Accedió al módulo: Compras
[2025-07-20 22:13:21] Usuario: Admin (ID: 3, Rol: Administrador) - Accedió al módulo: Compras
[2025-07-20 22:14:03] Usuario: Admin (ID: 3, Rol: Administrador) - Accedió al módulo: Clientes
[2025-07-20 22:14:03] Usuario: Admin (ID: 3, Rol: Administrador) - Accedió al módulo: Clientes
[2025-07-20 22:14:03] Usuario: Admin (ID: 3, Rol: Administrador) - Accedió al módulo: Clientes
[2025-07-20 22:14:03] Usuario: Admin (ID: 3, Rol: Administrador) - Accedió al módulo: Productos
[2025-07-20 22:14:04] Usuario: Admin (ID: 3, Rol: Administrador) - Accedió al módulo: Productos
[2025-07-20 22:14:04] Usuario: Admin (ID: 3, Rol: Administrador) - Accedió al módulo: Productos
[2025-07-20 22:14:05] Usuario: Admin (ID: 3, Rol: Administrador) - Accedió al módulo: Productos
[2025-07-20 22:14:09] Usuario: Admin (ID: 3, Rol: Administrador) - Accedió al módulo: Productos
[2025-07-20 22:14:09] Usuario: Admin (ID: 3, Rol: Administrador) - Accedió al módulo: Productos
[2025-07-20 22:30:21] Usuario: Admin (ID: 3, Rol: Administrador) - Accedió al módulo: Productos
[2025-07-20 22:30:21] Usuario: Admin (ID: 3, Rol: Administrador) - Accedió al módulo: Productos
[2025-07-20 22:30:21] Usuario: Admin (ID: 3, Rol: Administrador) - Accedió al módulo: Productos
[2025-07-20 22:30:23] Usuario: Admin (ID: 3, Rol: Administrador) - Accedió al módulo: Compras
[2025-07-20 22:30:23] Usuario: Admin (ID: 3, Rol: Administrador) - Accedió al módulo: Compras
[2025-07-20 22:30:23] Usuario: Admin (ID: 3, Rol: Administrador) - Accedió al módulo: Compras
[2025-07-20 22:30:25] Usuario: Admin (ID: 3, Rol: Administrador) - Accedió al módulo: Ventas
[2025-07-20 22:30:25] Usuario: Admin (ID: 3, Rol: Administrador) - Accedió al módulo: Ventas
[2025-07-20 22:30:25] Usuario: Admin (ID: 3, Rol: Administrador) - Accedió al módulo: Dashboard
[2025-07-20 22:30:25] Usuario: Admin (ID: 3, Rol: Administrador) - Accedió al módulo: Dashboard
[2025-07-20 22:30:25] Usuario: Admin (ID: 3, Rol: Administrador) - Accedió al módulo: Dashboard
[2025-07-20 22:30:25] Usuario: Admin (ID: 3, Rol: Administrador) - Accedió al módulo: Dashboard
[2025-07-20 22:30:26] Usuario: Admin (ID: 3, Rol: Administrador) - Accedió al módulo: Compras
[2025-07-20 22:30:27] Usuario: Admin (ID: 3, Rol: Administrador) - Accedió al módulo: Compras
[2025-07-20 22:30:27] Usuario: Admin (ID: 3, Rol: Administrador) - Accedió al módulo: Compras
[2025-07-20 22:30:27] Usuario: Admin (ID: 3, Rol: Administrador) - Accedió al módulo: Compras
[2025-07-20 22:30:27] Usuario: Admin (ID: 3, Rol: Administrador) - Accedió al módulo: Compras
[2025-07-20 22:30:27] Usuario: Admin (ID: 3, Rol: Administrador) - Accedió al módulo: Compras
