[2025-07-19 16:32:10] Usuario: Usuario desconocido (ID: 0, Rol: Superadministrador) - Accedió al módulo: Dashboard
[2025-07-19 16:33:20] Usuario: Usuario desconocido (ID: 0, Rol: Superadministrador) - Accedió al módulo: Dashboard
[2025-07-19 16:33:20] Usuario: Usuario desconocido (ID: 0, Rol: Superadministrador) - Accedió al módulo: Errors
[2025-07-19 16:33:34] Usuario: Usuario desconocido (ID: 0, Rol: Superadministrador) - Accedió al módulo: Dashboard
[2025-07-19 16:33:34] Usuario: Usuario desconocido (ID: 0, Rol: Superadministrador) - Accedió al módulo: Errors
[2025-07-19 16:33:36] Usuario: Usuario desconocido (ID: 0, Rol: Superadministrador) - Accedió al módulo: Dashboard
[2025-07-19 16:33:36] Usuario: Usuario desconocido (ID: 0, Rol: Superadministrador) - Accedió al módulo: Errors
[2025-07-19 16:33:36] Usuario: Usuario desconocido (ID: 0, Rol: Superadministrador) - Accedió al módulo: Dashboard
[2025-07-19 16:33:36] Usuario: Usuario desconocido (ID: 0, Rol: Superadministrador) - Accedió al módulo: Errors
[2025-07-19 16:33:57] Usuario: Usuario desconocido (ID: 0, Rol: Superadministrador) - Accedió al módulo: Dashboard
[2025-07-19 16:33:57] Usuario: Usuario desconocido (ID: 0, Rol: Superadministrador) - Accedió al módulo: Errors
[2025-07-19 16:35:45] Usuario: Usuario desconocido (ID: 0, Rol: Superadministrador) - Accedió al módulo: Dashboard
[2025-07-19 16:35:45] Usuario: Usuario desconocido (ID: 0, Rol: Superadministrador) - Accedió al módulo: Errors
[2025-07-19 16:36:19] Usuario: Usuario desconocido (ID: 0, Rol: Superadministrador) - Accedió al módulo: Dashboard
[2025-07-19 16:36:19] Usuario: Usuario desconocido (ID: 0, Rol: Superadministrador) - Accedió al módulo: Errors
[2025-07-19 16:36:21] Usuario: Usuario desconocido (ID: 0, Rol: Superadministrador) - Accedió al módulo: Dashboard
[2025-07-19 16:36:21] Usuario: Usuario desconocido (ID: 0, Rol: Superadministrador) - Accedió al módulo: Errors
[2025-07-19 16:37:24] Usuario: Usuario desconocido (ID: 0, Rol: Superadministrador) - Accedió al módulo: Dashboard
[2025-07-19 16:37:30] Usuario: Usuario desconocido (ID: 0, Rol: Superadministrador) - Accedió al módulo: Dashboard
[2025-07-19 16:37:33] Usuario: Usuario desconocido (ID: 0, Rol: Superadministrador) - Accedió al módulo: Dashboard
[2025-07-19 16:37:47] Usuario: Usuario desconocido (ID: 0, Rol: Superadministrador) - Accedió al módulo: Dashboard
[2025-07-19 17:41:00] Usuario: Admin (ID: 1, Rol: Administrador) - Accedió al módulo: Login
[2025-07-19 17:41:00] Usuario: Admin (ID: 1, Rol: Administrador) - Accedió al módulo: Dashboard
[2025-07-19 17:41:01] Usuario: Admin (ID: 1, Rol: Administrador) - Accedió al módulo: Dashboard
[2025-07-19 17:41:04] Usuario: Admin (ID: 1, Rol: Administrador) - Accedió al módulo: Login
[2025-07-19 17:41:04] Usuario: Admin (ID: 1, Rol: Administrador) - Accedió al módulo: Dashboard
[2025-07-19 17:41:22] Usuario: Usuario desconocido (ID: 0, Rol: Superadministrador) - Accedió al módulo: Dashboard
[2025-07-19 17:41:25] Usuario: Usuario desconocido (ID: 0, Rol: Superadministrador) - Accedió al módulo: Login
[2025-07-19 17:41:25] Usuario: Usuario desconocido (ID: 0, Rol: Superadministrador) - Accedió al módulo: Dashboard
[2025-07-19 17:44:18] Usuario: Admin (ID: 1, Rol: Administrador) - Accedió al módulo: Dashboard
[2025-07-19 17:44:18] Usuario: Admin (ID: 1, Rol: Administrador) - Accedió al módulo: Dashboard
[2025-07-19 17:44:20] Usuario: Admin (ID: 1, Rol: Administrador) - Accedió al módulo: Dashboard
[2025-07-19 17:44:27] Usuario: Admin (ID: 1, Rol: Administrador) - Accedió al módulo: Errors
[2025-07-19 17:45:43] Usuario: Admin (ID: 1, Rol: Administrador) - Accedió al módulo: Dashboard
[2025-07-19 17:45:44] Usuario: Admin (ID: 1, Rol: Administrador) - Accedió al módulo: Errors
[2025-07-19 17:45:58] Usuario: Admin (ID: 1, Rol: Administrador) - Accedió al módulo: Dashboard
[2025-07-19 17:45:59] Usuario: Admin (ID: 1, Rol: Administrador) - Accedió al módulo: Errors
[2025-07-19 17:46:04] Usuario: Admin (ID: 1, Rol: Administrador) - Accedió al módulo: Dashboard
[2025-07-19 17:46:04] Usuario: Admin (ID: 1, Rol: Administrador) - Accedió al módulo: Errors
[2025-07-19 17:46:10] Usuario: Admin (ID: 1, Rol: Administrador) - Accedió al módulo: Dashboard
[2025-07-19 17:46:10] Usuario: Admin (ID: 1, Rol: Administrador) - Accedió al módulo: Errors
[2025-07-19 17:46:11] Usuario: Admin (ID: 1, Rol: Administrador) - Accedió al módulo: Dashboard
[2025-07-19 17:46:12] Usuario: Admin (ID: 1, Rol: Administrador) - Accedió al módulo: Errors
[2025-07-19 17:50:26] Usuario: Admin (ID: 1, Rol: Administrador) - Accedió al módulo: Dashboard
[2025-07-19 17:50:26] Usuario: Admin (ID: 1, Rol: Administrador) - Accedió al módulo: Login
[2025-07-19 17:50:26] Usuario: Admin (ID: 1, Rol: Administrador) - Accedió al módulo: Dashboard
[2025-07-19 17:52:31] Usuario: Admin (ID: 1, Rol: Administrador) - Accedió al módulo: Dashboard
[2025-07-19 17:52:31] Usuario: Admin (ID: 1, Rol: Administrador) - Accedió al módulo: Errors
[2025-07-19 17:58:31] Usuario: Admin (ID: 1, Rol: Administrador) - Accedió al módulo: Dashboard
[2025-07-19 17:58:31] Usuario: Admin (ID: 1, Rol: Administrador) - Accedió al módulo: Errors
[2025-07-19 17:58:48] Usuario: Admin (ID: 1, Rol: Administrador) - Accedió al módulo: Dashboard
[2025-07-19 17:58:48] Usuario: Admin (ID: 1, Rol: Administrador) - Accedió al módulo: Errors
[2025-07-19 18:00:05] Usuario: Admin (ID: 1, Rol: Administrador) - Accedió al módulo: Errors
[2025-07-19 18:00:05] Usuario: Admin (ID: 1, Rol: Administrador) - Accedió al módulo: Errors
[2025-07-19 18:00:06] Usuario: Admin (ID: 1, Rol: Administrador) - Accedió al módulo: Dashboard
[2025-07-19 18:00:07] Usuario: Admin (ID: 1, Rol: Administrador) - Accedió al módulo: Errors
[2025-07-19 18:09:43] Usuario: Admin (ID: 1, Rol: Administrador) - Accedió al módulo: Dashboard
[2025-07-19 18:09:44] Usuario: Admin (ID: 1, Rol: Administrador) - Accedió al módulo: Errors
[2025-07-19 18:09:47] Usuario: Admin (ID: 1, Rol: Administrador) - Accedió al módulo: Logout
[2025-07-19 18:09:59] Usuario: Admin (ID: 1, Rol: Administrador) - Accedió al módulo: Dashboard
[2025-07-19 18:09:59] Usuario: Admin (ID: 1, Rol: Administrador) - Accedió al módulo: Errors
[2025-07-19 18:12:23] Usuario: Admin (ID: 1, Rol: Administrador) - Accedió al módulo: Dashboard
[2025-07-19 18:12:24] Usuario: Admin (ID: 1, Rol: Administrador) - Accedió al módulo: Errors
[2025-07-19 18:13:08] Usuario: Admin (ID: 1, Rol: Administrador) - Accedió al módulo: Dashboard
[2025-07-19 18:13:08] Usuario: Admin (ID: 1, Rol: Administrador) - Accedió al módulo: Errors
[2025-07-19 18:13:22] Usuario: Admin (ID: 1, Rol: Administrador) - Accedió al módulo: Dashboard
[2025-07-19 18:13:23] Usuario: Admin (ID: 1, Rol: Administrador) - Accedió al módulo: Errors
[2025-07-19 18:13:50] Usuario: Admin (ID: 1, Rol: Administrador) - Accedió al módulo: Dashboard
[2025-07-19 18:13:50] Usuario: Admin (ID: 1, Rol: Administrador) - Accedió al módulo: Errors
[2025-07-19 18:13:51] Usuario: Admin (ID: 1, Rol: Administrador) - Accedió al módulo: Dashboard
[2025-07-19 18:13:51] Usuario: Admin (ID: 1, Rol: Administrador) - Accedió al módulo: Errors
[2025-07-19 18:13:55] Usuario: Admin (ID: 1, Rol: Administrador) - Accedió al módulo: Dashboard
[2025-07-19 18:13:55] Usuario: Admin (ID: 1, Rol: Administrador) - Accedió al módulo: Errors
[2025-07-19 18:14:13] Usuario: Admin (ID: 1, Rol: Administrador) - Accedió al módulo: Dashboard
[2025-07-19 18:14:14] Usuario: Admin (ID: 1, Rol: Administrador) - Accedió al módulo: Errors
[2025-07-19 18:14:14] Usuario: Admin (ID: 1, Rol: Administrador) - Accedió al módulo: Dashboard
[2025-07-19 18:14:15] Usuario: Admin (ID: 1, Rol: Administrador) - Accedió al módulo: Errors
[2025-07-19 18:14:21] Usuario: Admin (ID: 1, Rol: Administrador) - Accedió al módulo: Dashboard
[2025-07-19 18:14:22] Usuario: Admin (ID: 1, Rol: Administrador) - Accedió al módulo: Errors
[2025-07-19 18:14:22] Usuario: Admin (ID: 1, Rol: Administrador) - Accedió al módulo: Dashboard
[2025-07-19 18:14:23] Usuario: Admin (ID: 1, Rol: Administrador) - Accedió al módulo: Errors
[2025-07-19 18:14:25] Usuario: Admin (ID: 1, Rol: Administrador) - Accedió al módulo: Dashboard
[2025-07-19 18:14:25] Usuario: Admin (ID: 1, Rol: Administrador) - Accedió al módulo: Errors
[2025-07-19 18:14:26] Usuario: Admin (ID: 1, Rol: Administrador) - Accedió al módulo: Dashboard
[2025-07-19 18:14:26] Usuario: Admin (ID: 1, Rol: Administrador) - Accedió al módulo: Errors
[2025-07-19 18:14:46] Usuario: Admin (ID: 1, Rol: Administrador) - Accedió al módulo: Dashboard
[2025-07-19 18:15:13] Usuario: Admin (ID: 1, Rol: Administrador) - Accedió al módulo: Dashboard
[2025-07-19 18:15:25] Usuario: Admin (ID: 1, Rol: Administrador) - Accedió al módulo: Dashboard
[2025-07-19 18:15:27] Usuario: Admin (ID: 1, Rol: Administrador) - Accedió al módulo: Errors
[2025-07-19 18:15:28] Usuario: Admin (ID: 1, Rol: Administrador) - Accedió al módulo: Login
[2025-07-19 18:15:28] Usuario: Admin (ID: 1, Rol: Administrador) - Accedió al módulo: Dashboard
[2025-07-19 18:19:53] Usuario: Admin (ID: 1, Rol: Administrador) - Accedió al módulo: Inventario
[2025-07-19 18:21:58] Usuario: Admin (ID: 1, Rol: Administrador) - Accedió al módulo: Inventario
[2025-07-19 18:21:59] Usuario: Admin (ID: 1, Rol: Administrador) - Accedió al módulo: Inventario
[2025-07-19 18:23:40] Usuario: Admin (ID: 1, Rol: Administrador) - Accedió al módulo: Inventario
[2025-07-19 18:23:40] Usuario: Admin (ID: 1, Rol: Administrador) - Accedió al módulo: Inventario
[2025-07-19 18:23:41] Usuario: Admin (ID: 1, Rol: Administrador) - Accedió al módulo: Dashboard
[2025-07-19 18:23:41] Usuario: Admin (ID: 1, Rol: Administrador) - Accedió al módulo: Inventario
[2025-07-19 18:23:41] Usuario: Admin (ID: 1, Rol: Administrador) - Accedió al módulo: Inventario
[2025-07-19 18:23:42] Usuario: Admin (ID: 1, Rol: Administrador) - Accedió al módulo: Errors
[2025-07-19 18:23:43] Usuario: Admin (ID: 1, Rol: Administrador) - Accedió al módulo: Login
[2025-07-19 18:23:43] Usuario: Admin (ID: 1, Rol: Administrador) - Accedió al módulo: Dashboard
[2025-07-19 18:24:17] Usuario: Admin (ID: 1, Rol: Administrador) - Accedió al módulo: Dashboard
[2025-07-19 18:24:34] Usuario: Admin (ID: 1, Rol: Administrador) - Accedió al módulo: Dashboard
[2025-07-19 18:26:55] Usuario: Admin (ID: 1, Rol: Administrador) - Accedió al módulo: Inventario
[2025-07-19 18:26:56] Usuario: Admin (ID: 1, Rol: Administrador) - Accedió al módulo: Inventario
[2025-07-19 18:26:57] Usuario: Admin (ID: 1, Rol: Administrador) - Accedió al módulo: Inventario
[2025-07-19 18:26:58] Usuario: Admin (ID: 1, Rol: Administrador) - Accedió al módulo: Inventario
[2025-07-19 18:30:02] Usuario: Admin (ID: 1, Rol: Administrador) - Accedió al módulo: Inventario
[2025-07-19 18:30:04] Usuario: Admin (ID: 1, Rol: Administrador) - Accedió al módulo: Inventario
[2025-07-19 18:32:40] Usuario: Admin (ID: 1, Rol: Administrador) - Accedió al módulo: Inventario
[2025-07-19 18:32:42] Usuario: Admin (ID: 1, Rol: Administrador) - Accedió al módulo: Inventario
[2025-07-19 18:32:44] Usuario: Admin (ID: 1, Rol: Administrador) - Accedió al módulo: Inventario
[2025-07-19 18:32:45] Usuario: Admin (ID: 1, Rol: Administrador) - Accedió al módulo: Inventario
[2025-07-19 18:33:48] Usuario: Admin (ID: 1, Rol: Administrador) - Accedió al módulo: Inventario
[2025-07-19 18:33:50] Usuario: Admin (ID: 1, Rol: Administrador) - Accedió al módulo: Inventario
[2025-07-19 18:34:22] Usuario: Admin (ID: 1, Rol: Administrador) - Accedió al módulo: Inventario
[2025-07-19 18:34:23] Usuario: Admin (ID: 1, Rol: Administrador) - Accedió al módulo: Inventario
[2025-07-19 18:34:23] Usuario: Admin (ID: 1, Rol: Administrador) - Accedió al módulo: Inventario
[2025-07-19 18:34:24] Usuario: Admin (ID: 1, Rol: Administrador) - Accedió al módulo: Inventario
[2025-07-19 18:34:31] Usuario: Admin (ID: 1, Rol: Administrador) - Accedió al módulo: Errors
[2025-07-19 18:35:16] Usuario: Admin (ID: 1, Rol: Administrador) - Accedió al módulo: Inventario
[2025-07-19 18:35:22] Usuario: Admin (ID: 1, Rol: Administrador) - Accedió al módulo: Inventario
[2025-07-19 18:35:25] Usuario: Admin (ID: 1, Rol: Administrador) - Accedió al módulo: Inventario
[2025-07-19 18:35:42] Usuario: Admin (ID: 1, Rol: Administrador) - Accedió al módulo: Inventario
[2025-07-19 18:35:44] Usuario: Admin (ID: 1, Rol: Administrador) - Accedió al módulo: Inventario
[2025-07-19 18:35:46] Usuario: Admin (ID: 1, Rol: Administrador) - Accedió al módulo: Inventario
[2025-07-19 18:35:48] Usuario: Admin (ID: 1, Rol: Administrador) - Accedió al módulo: Inventario
[2025-07-19 18:36:07] Usuario: Admin (ID: 1, Rol: Administrador) - Accedió al módulo: Inventario
[2025-07-19 18:36:11] Usuario: Admin (ID: 1, Rol: Administrador) - Accedió al módulo: Inventario
[2025-07-19 18:36:15] Usuario: Admin (ID: 1, Rol: Administrador) - Accedió al módulo: Inventario
[2025-07-19 18:36:18] Usuario: Admin (ID: 1, Rol: Administrador) - Accedió al módulo: Inventario
[2025-07-19 18:36:24] Usuario: Admin (ID: 1, Rol: Administrador) - Accedió al módulo: Inventario
[2025-07-19 18:37:28] Usuario: Admin (ID: 1, Rol: Administrador) - Accedió al módulo: Inventario
[2025-07-19 18:37:29] Usuario: Admin (ID: 1, Rol: Administrador) - Accedió al módulo: Inventario
[2025-07-19 18:37:32] Usuario: Admin (ID: 1, Rol: Administrador) - Accedió al módulo: Inventario
[2025-07-19 18:37:37] Usuario: Admin (ID: 1, Rol: Administrador) - Accedió al módulo: Errors
[2025-07-19 18:43:50] Usuario: Admin (ID: 1, Rol: Administrador) - Accedió al módulo: Inventario
[2025-07-19 18:43:52] Usuario: Admin (ID: 1, Rol: Administrador) - Accedió al módulo: Inventario
[2025-07-19 18:43:54] Usuario: Admin (ID: 1, Rol: Administrador) - Accedió al módulo: Inventario
[2025-07-19 18:43:54] Usuario: Admin (ID: 1, Rol: Administrador) - Accedió al módulo: Inventario
[2025-07-19 18:43:57] Usuario: Admin (ID: 1, Rol: Administrador) - Accedió al módulo: Inventario
[2025-07-19 18:44:02] Usuario: Admin (ID: 1, Rol: Administrador) - Accedió al módulo: Inventario
[2025-07-19 18:44:18] Usuario: Admin (ID: 1, Rol: Administrador) - Accedió al módulo: Inventario
[2025-07-19 18:44:22] Usuario: Admin (ID: 1, Rol: Administrador) - Accedió al módulo: Inventario
[2025-07-19 18:47:31] Usuario: Admin (ID: 1, Rol: Administrador) - Accedió al módulo: Inventario
[2025-07-19 18:47:31] Usuario: Admin (ID: 1, Rol: Administrador) - Accedió al módulo: Inventario
[2025-07-19 18:47:32] Usuario: Admin (ID: 1, Rol: Administrador) - Accedió al módulo: Inventario
[2025-07-19 18:47:34] Usuario: Admin (ID: 1, Rol: Administrador) - Accedió al módulo: Inventario
[2025-07-19 18:47:36] Usuario: Admin (ID: 1, Rol: Administrador) - Accedió al módulo: Inventario
[2025-07-19 18:47:51] Usuario: Admin (ID: 1, Rol: Administrador) - Accedió al módulo: Inventario
[2025-07-19 18:48:04] Usuario: Admin (ID: 1, Rol: Administrador) - Accedió al módulo: Errors
[2025-07-19 18:48:06] Usuario: Admin (ID: 1, Rol: Administrador) - Accedió al módulo: Inventario
[2025-07-19 18:48:06] Usuario: Admin (ID: 1, Rol: Administrador) - Accedió al módulo: Inventario
[2025-07-19 18:53:12] Usuario: Admin (ID: 1, Rol: Administrador) - Accedió al módulo: Errors
[2025-07-19 19:01:43] Usuario: Admin (ID: 1, Rol: Administrador) - Accedió al módulo: Inventario
[2025-07-19 19:01:51] Usuario: Admin (ID: 1, Rol: Administrador) - Accedió al módulo: Inventario
[2025-07-19 19:01:57] Usuario: Admin (ID: 1, Rol: Administrador) - Accedió al módulo: Inventario
[2025-07-19 19:02:02] Usuario: Admin (ID: 1, Rol: Administrador) - Accedió al módulo: Inventario
[2025-07-19 19:02:04] Usuario: Admin (ID: 1, Rol: Administrador) - Accedió al módulo: Errors
[2025-07-19 19:02:05] Usuario: Admin (ID: 1, Rol: Administrador) - Accedió al módulo: Login
[2025-07-19 19:02:05] Usuario: Admin (ID: 1, Rol: Administrador) - Accedió al módulo: Dashboard
[2025-07-19 19:02:15] Usuario: Admin (ID: 1, Rol: Administrador) - Accedió al módulo: Inventario
[2025-07-19 19:02:15] Usuario: Admin (ID: 1, Rol: Administrador) - Accedió al módulo: Inventario
[2025-07-19 19:02:17] Usuario: Admin (ID: 1, Rol: Administrador) - Accedió al módulo: Inventario
[2025-07-19 19:02:19] Usuario: Admin (ID: 1, Rol: Administrador) - Accedió al módulo: Inventario
[2025-07-19 19:02:42] Usuario: Admin (ID: 1, Rol: Administrador) - Accedió al módulo: Errors
[2025-07-19 19:03:15] Usuario: Admin (ID: 1, Rol: Administrador) - Accedió al módulo: Inventario
[2025-07-19 19:03:15] Usuario: Admin (ID: 1, Rol: Administrador) - Accedió al módulo: Inventario
[2025-07-19 19:07:05] Usuario: Admin (ID: 1, Rol: Administrador) - Accedió al módulo: Inventario
[2025-07-19 19:07:20] Usuario: Admin (ID: 1, Rol: Administrador) - Accedió al módulo: Errors
[2025-07-19 19:07:27] Usuario: Admin (ID: 1, Rol: Administrador) - Accedió al módulo: Inventario
[2025-07-19 19:07:46] Usuario: Admin (ID: 1, Rol: Administrador) - Accedió al módulo: Inventario
[2025-07-19 19:07:47] Usuario: Admin (ID: 1, Rol: Administrador) - Accedió al módulo: Errors
[2025-07-19 19:07:50] Usuario: Admin (ID: 1, Rol: Administrador) - Accedió al módulo: Inventario
[2025-07-19 19:07:51] Usuario: Admin (ID: 1, Rol: Administrador) - Accedió al módulo: Inventario
[2025-07-19 19:07:54] Usuario: Admin (ID: 1, Rol: Administrador) - Accedió al módulo: Inventario
[2025-07-19 19:08:00] Usuario: Admin (ID: 1, Rol: Administrador) - Accedió al módulo: Inventario
[2025-07-19 19:20:51] Usuario: Admin (ID: 1, Rol: Administrador) - Accedió al módulo: Inventario
[2025-07-19 19:20:51] Usuario: Admin (ID: 1, Rol: Administrador) - Accedió al módulo: Inventario
[2025-07-19 19:20:53] Usuario: Admin (ID: 1, Rol: Administrador) - Accedió al módulo: Inventario
[2025-07-19 19:20:53] Usuario: Admin (ID: 1, Rol: Administrador) - Accedió al módulo: Inventario
[2025-07-19 19:20:55] Usuario: Admin (ID: 1, Rol: Administrador) - Accedió al módulo: Inventario
[2025-07-19 19:21:06] Usuario: Admin (ID: 1, Rol: Administrador) - Accedió al módulo: Inventario
[2025-07-19 19:23:48] Usuario: Admin (ID: 1, Rol: Administrador) - Accedió al módulo: Inventario
[2025-07-19 19:23:48] Usuario: Admin (ID: 1, Rol: Administrador) - Accedió al módulo: Inventario
[2025-07-19 19:23:49] Usuario: Admin (ID: 1, Rol: Administrador) - Accedió al módulo: Inventario
[2025-07-19 19:23:49] Usuario: Admin (ID: 1, Rol: Administrador) - Accedió al módulo: Inventario
[2025-07-19 19:23:51] Usuario: Admin (ID: 1, Rol: Administrador) - Accedió al módulo: Inventario
[2025-07-19 19:23:51] Usuario: Admin (ID: 1, Rol: Administrador) - Accedió al módulo: Inventario
[2025-07-19 19:23:55] Usuario: Admin (ID: 1, Rol: Administrador) - Accedió al módulo: Inventario
[2025-07-19 19:23:55] Usuario: Admin (ID: 1, Rol: Administrador) - Accedió al módulo: Inventario
[2025-07-19 19:24:13] Usuario: Admin (ID: 1, Rol: Administrador) - Accedió al módulo: Dashboard
[2025-07-19 19:24:19] Usuario: Admin (ID: 1, Rol: Administrador) - Accedió al módulo: Inventario
[2025-07-19 19:24:19] Usuario: Admin (ID: 1, Rol: Administrador) - Accedió al módulo: Inventario
[2025-07-19 19:26:02] Usuario: Admin (ID: 1, Rol: Administrador) - Accedió al módulo: Inventario
[2025-07-19 19:26:03] Usuario: Admin (ID: 1, Rol: Administrador) - Accedió al módulo: Inventario
[2025-07-19 19:26:04] Usuario: Admin (ID: 1, Rol: Administrador) - Accedió al módulo: Inventario
[2025-07-19 19:26:06] Usuario: Admin (ID: 1, Rol: Administrador) - Accedió al módulo: Inventario
[2025-07-19 19:26:08] Usuario: Admin (ID: 1, Rol: Administrador) - Accedió al módulo: Inventario
[2025-07-19 19:26:08] Usuario: Admin (ID: 1, Rol: Administrador) - Accedió al módulo: Inventario
[2025-07-19 19:26:10] Usuario: Admin (ID: 1, Rol: Administrador) - Accedió al módulo: Inventario
[2025-07-19 19:26:23] Usuario: Admin (ID: 1, Rol: Administrador) - Accedió al módulo: Inventario
[2025-07-19 19:26:23] Usuario: Admin (ID: 1, Rol: Administrador) - Accedió al módulo: Inventario
[2025-07-19 19:26:27] Usuario: Admin (ID: 1, Rol: Administrador) - Accedió al módulo: Inventario
[2025-07-19 19:26:46] Usuario: Admin (ID: 1, Rol: Administrador) - Accedió al módulo: Inventario
[2025-07-19 19:27:31] Usuario: Admin (ID: 1, Rol: Administrador) - Accedió al módulo: Inventario
[2025-07-19 19:27:31] Usuario: Admin (ID: 1, Rol: Administrador) - Accedió al módulo: Inventario
[2025-07-19 19:27:55] Usuario: Admin (ID: 1, Rol: Administrador) - Accedió al módulo: Dashboard
[2025-07-19 19:37:31] Usuario: Admin (ID: 1, Rol: Administrador) - Accedió al módulo: Dashboard
[2025-07-19 19:37:36] Usuario: Admin (ID: 1, Rol: Administrador) - Accedió al módulo: Inventario
[2025-07-19 19:37:37] Usuario: Admin (ID: 1, Rol: Administrador) - Accedió al módulo: Inventario
[2025-07-19 19:37:37] Usuario: Admin (ID: 1, Rol: Administrador) - Accedió al módulo: Inventario
[2025-07-19 19:38:15] Usuario: Admin (ID: 1, Rol: Administrador) - Accedió al módulo: Inventario
[2025-07-19 19:38:15] Usuario: Admin (ID: 1, Rol: Administrador) - Accedió al módulo: Inventario
[2025-07-19 19:38:18] Usuario: Admin (ID: 1, Rol: Administrador) - Accedió al módulo: Inventario
[2025-07-19 19:38:18] Usuario: Admin (ID: 1, Rol: Administrador) - Accedió al módulo: Inventario
[2025-07-19 19:39:31] Usuario: Admin (ID: 1, Rol: Administrador) - Accedió al módulo: Inventario
[2025-07-19 19:39:32] Usuario: Admin (ID: 1, Rol: Administrador) - Accedió al módulo: Inventario
[2025-07-19 19:39:33] Usuario: Admin (ID: 1, Rol: Administrador) - Accedió al módulo: Inventario
[2025-07-19 19:52:32] Usuario: Admin (ID: 1, Rol: Administrador) - Accedió al módulo: Dashboard
[2025-07-19 19:52:47] Usuario: Admin (ID: 1, Rol: Administrador) - Accedió al módulo: Dashboard
[2025-07-19 19:53:03] Usuario: Admin (ID: 1, Rol: Administrador) - Accedió al módulo: Dashboard
[2025-07-19 19:54:53] Usuario: Usuario desconocido (ID: 0, Rol: Tecnico Ntic) - Accedió al módulo: Login
[2025-07-19 19:54:53] Usuario: Usuario desconocido (ID: 0, Rol: Tecnico Ntic) - Accedió al módulo: Dashboard
[2025-07-19 19:55:04] Usuario: Usuario desconocido (ID: 0, Rol: Tecnico Ntic) - Accedió al módulo: Inventario
[2025-07-19 19:55:05] Usuario: Usuario desconocido (ID: 0, Rol: Tecnico Ntic) - Accedió al módulo: Inventario
[2025-07-19 19:55:06] Usuario: Usuario desconocido (ID: 0, Rol: Tecnico Ntic) - Accedió al módulo: Dashboard
[2025-07-19 19:55:33] Usuario: Admin (ID: 1, Rol: Administrador) - Accedió al módulo: Errors
[2025-07-19 19:56:55] Usuario: Admin (ID: 1, Rol: Administrador) - Accedió al módulo: Dashboard
[2025-07-19 19:57:00] Usuario: Admin (ID: 1, Rol: Administrador) - Accedió al módulo: Errors
[2025-07-19 19:57:01] Usuario: Admin (ID: 1, Rol: Administrador) - Accedió al módulo: Login
[2025-07-19 19:57:02] Usuario: Admin (ID: 1, Rol: Administrador) - Accedió al módulo: Dashboard
[2025-07-19 19:57:03] Usuario: Admin (ID: 1, Rol: Administrador) - Accedió al módulo: Inventario
[2025-07-19 19:57:05] Usuario: Admin (ID: 1, Rol: Administrador) - Accedió al módulo: Inventario
[2025-07-19 20:00:18] Usuario: Usuario desconocido (ID: 0, Rol: Tecnico Ntic) - Accedió al módulo: Errors
[2025-07-19 20:00:19] Usuario: Usuario desconocido (ID: 0, Rol: Tecnico Ntic) - Accedió al módulo: Login
[2025-07-19 20:00:19] Usuario: Usuario desconocido (ID: 0, Rol: Tecnico Ntic) - Accedió al módulo: Dashboard
[2025-07-19 20:02:39] Usuario: Admin (ID: 1, Rol: Administrador) - Accedió al módulo: Inventario
[2025-07-19 20:02:41] Usuario: Admin (ID: 1, Rol: Administrador) - Accedió al módulo: Inventario
[2025-07-19 20:02:42] Usuario: Admin (ID: 1, Rol: Administrador) - Accedió al módulo: Compras
[2025-07-19 20:02:42] Usuario: Admin (ID: 1, Rol: Administrador) - Accedió al módulo: Compras
[2025-07-19 20:02:42] Usuario: Admin (ID: 1, Rol: Administrador) - Accedió al módulo: Compras
[2025-07-19 20:02:45] Usuario: Admin (ID: 1, Rol: Administrador) - Accedió al módulo: Compras
[2025-07-19 20:02:45] Usuario: Admin (ID: 1, Rol: Administrador) - Accedió al módulo: Compras
[2025-07-19 20:02:45] Usuario: Admin (ID: 1, Rol: Administrador) - Accedió al módulo: Compras
[2025-07-19 20:02:48] Usuario: Admin (ID: 1, Rol: Administrador) - Accedió al módulo: Compras
[2025-07-19 20:02:48] Usuario: Admin (ID: 1, Rol: Administrador) - Accedió al módulo: Compras
[2025-07-19 20:02:48] Usuario: Admin (ID: 1, Rol: Administrador) - Accedió al módulo: Compras
[2025-07-19 20:02:52] Usuario: Admin (ID: 1, Rol: Administrador) - Accedió al módulo: Compras
[2025-07-19 20:02:52] Usuario: Admin (ID: 1, Rol: Administrador) - Accedió al módulo: Compras
[2025-07-19 20:02:52] Usuario: Admin (ID: 1, Rol: Administrador) - Accedió al módulo: Compras
[2025-07-19 20:09:08] Usuario: Admin (ID: 1, Rol: Administrador) - Accedió al módulo: Compras
[2025-07-19 20:09:08] Usuario: Admin (ID: 1, Rol: Administrador) - Accedió al módulo: Compras
[2025-07-19 20:09:08] Usuario: Admin (ID: 1, Rol: Administrador) - Accedió al módulo: Compras
[2025-07-19 20:09:10] Usuario: Admin (ID: 1, Rol: Administrador) - Accedió al módulo: Clientes
[2025-07-19 20:09:11] Usuario: Admin (ID: 1, Rol: Administrador) - Accedió al módulo: Compras
[2025-07-19 20:09:11] Usuario: Admin (ID: 1, Rol: Administrador) - Accedió al módulo: Compras
[2025-07-19 20:09:11] Usuario: Admin (ID: 1, Rol: Administrador) - Accedió al módulo: Compras
[2025-07-19 20:09:12] Usuario: Admin (ID: 1, Rol: Administrador) - Accedió al módulo: Compras
[2025-07-19 20:09:13] Usuario: Admin (ID: 1, Rol: Administrador) - Accedió al módulo: Compras
[2025-07-19 20:09:14] Usuario: Admin (ID: 1, Rol: Administrador) - Accedió al módulo: Compras
[2025-07-19 20:09:25] Usuario: Admin (ID: 1, Rol: Administrador) - Accedió al módulo: Compras
[2025-07-19 20:09:25] Usuario: Admin (ID: 1, Rol: Administrador) - Accedió al módulo: Compras
[2025-07-19 20:09:25] Usuario: Admin (ID: 1, Rol: Administrador) - Accedió al módulo: Compras
[2025-07-19 20:13:09] Usuario: Admin (ID: 1, Rol: Administrador) - Accedió al módulo: Compras
[2025-07-19 20:13:09] Usuario: Admin (ID: 1, Rol: Administrador) - Accedió al módulo: Compras
[2025-07-19 20:13:10] Usuario: Admin (ID: 1, Rol: Administrador) - Accedió al módulo: Compras
[2025-07-19 20:13:10] Usuario: Admin (ID: 1, Rol: Administrador) - Accedió al módulo: Clientes
[2025-07-19 20:13:11] Usuario: Admin (ID: 1, Rol: Administrador) - Accedió al módulo: Compras
[2025-07-19 20:13:11] Usuario: Admin (ID: 1, Rol: Administrador) - Accedió al módulo: Compras
[2025-07-19 20:13:11] Usuario: Admin (ID: 1, Rol: Administrador) - Accedió al módulo: Compras
[2025-07-19 20:20:31] Usuario: Admin (ID: 1, Rol: Administrador) - Accedió al módulo: Compras
[2025-07-19 20:20:39] Usuario: Admin (ID: 1, Rol: Administrador) - Accedió al módulo: Compras
[2025-07-19 20:20:40] Usuario: Admin (ID: 1, Rol: Administrador) - Accedió al módulo: Clientes
[2025-07-19 20:20:40] Usuario: Admin (ID: 1, Rol: Administrador) - Accedió al módulo: Compras
[2025-07-19 20:20:40] Usuario: Admin (ID: 1, Rol: Administrador) - Accedió al módulo: Clientes
[2025-07-19 20:20:41] Usuario: Admin (ID: 1, Rol: Administrador) - Accedió al módulo: Clientes
[2025-07-19 20:20:42] Usuario: Admin (ID: 1, Rol: Administrador) - Accedió al módulo: Compras
[2025-07-19 20:20:42] Usuario: Admin (ID: 1, Rol: Administrador) - Accedió al módulo: Compras
[2025-07-19 20:20:42] Usuario: Admin (ID: 1, Rol: Administrador) - Accedió al módulo: Compras
[2025-07-19 20:20:43] Usuario: Admin (ID: 1, Rol: Administrador) - Accedió al módulo: Clientes
[2025-07-19 20:20:43] Usuario: Admin (ID: 1, Rol: Administrador) - Accedió al módulo: Clientes
[2025-07-19 20:20:43] Usuario: Admin (ID: 1, Rol: Administrador) - Accedió al módulo: Clientes
[2025-07-19 20:20:45] Usuario: Admin (ID: 1, Rol: Administrador) - Accedió al módulo: Compras
[2025-07-19 20:20:46] Usuario: Admin (ID: 1, Rol: Administrador) - Accedió al módulo: Compras
[2025-07-19 20:20:46] Usuario: Admin (ID: 1, Rol: Administrador) - Accedió al módulo: Compras
[2025-07-19 20:20:46] Usuario: Admin (ID: 1, Rol: Administrador) - Accedió al módulo: Compras
[2025-07-19 20:20:46] Usuario: Admin (ID: 1, Rol: Administrador) - Accedió al módulo: Compras
[2025-07-19 20:20:47] Usuario: Admin (ID: 1, Rol: Administrador) - Accedió al módulo: Compras
[2025-07-19 20:20:53] Usuario: Admin (ID: 1, Rol: Administrador) - Accedió al módulo: Clientes
[2025-07-19 20:20:53] Usuario: Admin (ID: 1, Rol: Administrador) - Accedió al módulo: Clientes
[2025-07-19 20:20:53] Usuario: Admin (ID: 1, Rol: Administrador) - Accedió al módulo: Clientes
[2025-07-19 20:21:59] Usuario: Admin (ID: 1, Rol: Administrador) - Accedió al módulo: Clientes
[2025-07-19 20:21:59] Usuario: Admin (ID: 1, Rol: Administrador) - Accedió al módulo: Clientes
[2025-07-19 20:22:00] Usuario: Admin (ID: 1, Rol: Administrador) - Accedió al módulo: Clientes
[2025-07-19 20:22:06] Usuario: Admin (ID: 1, Rol: Administrador) - Accedió al módulo: Inventario
[2025-07-19 20:22:06] Usuario: Admin (ID: 1, Rol: Administrador) - Accedió al módulo: Inventario
[2025-07-19 20:22:07] Usuario: Admin (ID: 1, Rol: Administrador) - Accedió al módulo: Clientes
[2025-07-19 20:22:07] Usuario: Admin (ID: 1, Rol: Administrador) - Accedió al módulo: Clientes
[2025-07-19 20:22:07] Usuario: Admin (ID: 1, Rol: Administrador) - Accedió al módulo: Clientes
[2025-07-19 20:22:08] Usuario: Admin (ID: 1, Rol: Administrador) - Accedió al módulo: Dashboard
[2025-07-19 20:22:09] Usuario: Admin (ID: 1, Rol: Administrador) - Accedió al módulo: Compras
[2025-07-19 20:22:10] Usuario: Admin (ID: 1, Rol: Administrador) - Accedió al módulo: Compras
[2025-07-19 20:22:10] Usuario: Admin (ID: 1, Rol: Administrador) - Accedió al módulo: Compras
[2025-07-19 20:22:10] Usuario: Admin (ID: 1, Rol: Administrador) - Accedió al módulo: Errors
[2025-07-19 20:22:12] Usuario: Admin (ID: 1, Rol: Administrador) - Accedió al módulo: Login
[2025-07-19 20:22:12] Usuario: Admin (ID: 1, Rol: Administrador) - Accedió al módulo: Dashboard
[2025-07-19 20:22:13] Usuario: Admin (ID: 1, Rol: Administrador) - Accedió al módulo: Dashboard
[2025-07-19 20:33:05] Usuario: Admin (ID: 1, Rol: Administrador) - Accedió al módulo: Dashboard
[2025-07-19 20:33:10] Usuario: Admin (ID: 1, Rol: Administrador) - Accedió al módulo: Proveedores
[2025-07-19 20:33:11] Usuario: Admin (ID: 1, Rol: Administrador) - Accedió al módulo: Proveedores
[2025-07-19 20:33:16] Usuario: Admin (ID: 1, Rol: Administrador) - Accedió al módulo: Clientes
[2025-07-19 20:33:16] Usuario: Admin (ID: 1, Rol: Administrador) - Accedió al módulo: Clientes
[2025-07-19 20:33:16] Usuario: Admin (ID: 1, Rol: Administrador) - Accedió al módulo: Clientes
[2025-07-19 20:33:16] Usuario: Admin (ID: 1, Rol: Administrador) - Accedió al módulo: Proveedores
[2025-07-19 20:33:17] Usuario: Admin (ID: 1, Rol: Administrador) - Accedió al módulo: Proveedores
[2025-07-19 20:33:19] Usuario: Admin (ID: 1, Rol: Administrador) - Accedió al módulo: Compras
[2025-07-19 20:33:19] Usuario: Admin (ID: 1, Rol: Administrador) - Accedió al módulo: Compras
[2025-07-19 20:33:19] Usuario: Admin (ID: 1, Rol: Administrador) - Accedió al módulo: Compras
[2025-07-19 20:33:20] Usuario: Admin (ID: 1, Rol: Administrador) - Accedió al módulo: Compras
[2025-07-19 20:33:20] Usuario: Admin (ID: 1, Rol: Administrador) - Accedió al módulo: Compras
[2025-07-19 20:33:20] Usuario: Admin (ID: 1, Rol: Administrador) - Accedió al módulo: Compras
[2025-07-19 20:33:22] Usuario: Admin (ID: 1, Rol: Administrador) - Accedió al módulo: Compras
[2025-07-19 20:33:22] Usuario: Admin (ID: 1, Rol: Administrador) - Accedió al módulo: Compras
[2025-07-19 20:33:22] Usuario: Admin (ID: 1, Rol: Administrador) - Accedió al módulo: Compras
